-------------------------------------------------------------------------------
Test set: com.locme.favorite.FavoriteControllerTest
-------------------------------------------------------------------------------
Tests run: 12, Failures: 3, Errors: 0, Skipped: 0, Time elapsed: 0.909 s <<< FAILURE! -- in com.locme.favorite.FavoriteControllerTest
com.locme.favorite.FavoriteControllerTest.testRemoveFavoriteUnauthorized -- Time elapsed: 0.014 s <<< FAILURE!
java.lang.AssertionError: Status expected:<401> but was:<403>
	at org.springframework.test.util.AssertionErrors.fail(AssertionErrors.java:61)
	at org.springframework.test.util.AssertionErrors.assertEquals(AssertionErrors.java:128)
	at org.springframework.test.web.servlet.result.StatusResultMatchers.lambda$matcher$9(StatusResultMatchers.java:640)
	at org.springframework.test.web.servlet.MockMvc$1.andExpect(MockMvc.java:214)
	at com.locme.favorite.FavoriteControllerTest.testRemoveFavoriteUnauthorized(FavoriteControllerTest.java:261)
	at java.base/java.lang.reflect.Method.invoke(Method.java:580)
	at java.base/java.util.ArrayList.forEach(ArrayList.java:1596)
	at java.base/java.util.ArrayList.forEach(ArrayList.java:1596)

com.locme.favorite.FavoriteControllerTest.testToggleFavoriteRemove -- Time elapsed: 0.011 s <<< FAILURE!
java.lang.AssertionError: No value at JSON path "$.data"
	at org.springframework.test.util.JsonPathExpectationsHelper.evaluateJsonPath(JsonPathExpectationsHelper.java:351)
	at org.springframework.test.util.JsonPathExpectationsHelper.assertValueIsEmpty(JsonPathExpectationsHelper.java:275)
	at org.springframework.test.web.servlet.result.JsonPathResultMatchers.lambda$isEmpty$5(JsonPathResultMatchers.java:149)
	at org.springframework.test.web.servlet.MockMvc$1.andExpect(MockMvc.java:214)
	at com.locme.favorite.FavoriteControllerTest.testToggleFavoriteRemove(FavoriteControllerTest.java:118)
	at java.base/java.lang.reflect.Method.invoke(Method.java:580)
	at java.base/java.util.ArrayList.forEach(ArrayList.java:1596)
	at java.base/java.util.ArrayList.forEach(ArrayList.java:1596)
Caused by: com.jayway.jsonpath.PathNotFoundException: No results for path: $['data']

com.locme.favorite.FavoriteControllerTest.testToggleFavoriteUnauthorized -- Time elapsed: 0.007 s <<< FAILURE!
java.lang.AssertionError: Status expected:<401> but was:<403>
	at org.springframework.test.util.AssertionErrors.fail(AssertionErrors.java:61)
	at org.springframework.test.util.AssertionErrors.assertEquals(AssertionErrors.java:128)
	at org.springframework.test.web.servlet.result.StatusResultMatchers.lambda$matcher$9(StatusResultMatchers.java:640)
	at org.springframework.test.web.servlet.MockMvc$1.andExpect(MockMvc.java:214)
	at com.locme.favorite.FavoriteControllerTest.testToggleFavoriteUnauthorized(FavoriteControllerTest.java:140)
	at java.base/java.lang.reflect.Method.invoke(Method.java:580)
	at java.base/java.util.ArrayList.forEach(ArrayList.java:1596)
	at java.base/java.util.ArrayList.forEach(ArrayList.java:1596)

