<?xml version="1.0" encoding="UTF-8"?>
<testsuite xmlns:xsi="http://www.w3.org/2001/XMLSchema-instance" xsi:noNamespaceSchemaLocation="https://maven.apache.org/surefire/maven-surefire-plugin/xsd/surefire-test-report.xsd" version="3.0.2" name="com.locme.paiement.PaiementControllerTest" time="0.803" tests="11" errors="0" skipped="0" failures="5">
  <properties>
[...]
</properties>
  <testcase name="testProcessPaymentSuccess" classname="com.locme.paiement.PaiementControllerTest" time="0.041">
    <system-out><![CDATA[2025-09-19T14:51:32.890+02:00  INFO 2892 --- [locme] [           main] t.c.s.AnnotationConfigContextLoaderUtils : Could not detect default configuration classes for test class [com.locme.paiement.PaiementControllerTest]: PaiementControllerTest does not declare any static, non-private, non-final, nested classes annotated with @Configuration.

  .   ____          _            __ _ _
 /\\ / ___'_ __ _ _(_)_ __  __ _ \ \ \ \
( ( )\___ | '_ | '_| | '_ \/ _` | \ \ \ \
 \\/  ___)| |_)| | | | | || (_| |  ) ) ) )
  '  |____| .__|_| |_|_| |_\__, | / / / /
 =========|_|==============|___/=/_/_/_/

 :: Spring Boot ::                (v3.5.5)

2025-09-19T14:51:32.941+02:00  INFO 2892 --- [locme] [           main] c.locme.paiement.PaiementControllerTest  : Starting PaiementControllerTest using Java 21.0.6 with PID 2892 (started by PANTA in E:\LocMe\backend)
2025-09-19T14:51:32.941+02:00 DEBUG 2892 --- [locme] [           main] c.locme.paiement.PaiementControllerTest  : Running with Spring Boot v3.5.5, Spring v6.2.10
2025-09-19T14:51:32.941+02:00  INFO 2892 --- [locme] [           main] c.locme.paiement.PaiementControllerTest  : No active profile set, falling back to 1 default profile: "default"
2025-09-19T14:51:33.174+02:00  WARN 2892 --- [locme] [           main] .s.s.UserDetailsServiceAutoConfiguration : 

Using generated security password: 1fad39b0-8616-47c7-bc78-b5a2b87a5250

This generated password is for development use only. Your security configuration must be updated before running your application in production.

2025-09-19T14:51:33.251+02:00  INFO 2892 --- [locme] [           main] r$InitializeUserDetailsManagerConfigurer : Global AuthenticationManager configured with UserDetailsService bean with name inMemoryUserDetailsManager
2025-09-19T14:51:33.254+02:00 DEBUG 2892 --- [locme] [           main] o.s.s.web.DefaultSecurityFilterChain     : Will secure any request with filters: WebAsyncManagerIntegrationFilter, SecurityContextHolderFilter, HeaderWriterFilter, LogoutFilter, RequestCacheAwareFilter, SecurityContextHolderAwareRequestFilter, AnonymousAuthenticationFilter, ExceptionTranslationFilter, AuthorizationFilter
2025-09-19T14:51:33.288+02:00 DEBUG 2892 --- [locme] [           main] com.locme.auth.JwtAuthenticationFilter   : Filter 'jwtAuthenticationFilter' configured for use
2025-09-19T14:51:33.289+02:00  INFO 2892 --- [locme] [           main] o.s.t.web.servlet.TestDispatcherServlet  : Initializing Servlet ''
2025-09-19T14:51:33.289+02:00  INFO 2892 --- [locme] [           main] o.s.t.web.servlet.TestDispatcherServlet  : Completed initialization in 0 ms
2025-09-19T14:51:33.296+02:00  INFO 2892 --- [locme] [           main] c.locme.paiement.PaiementControllerTest  : Started PaiementControllerTest in 0.381 seconds (process running for 16.633)
2025-09-19T14:51:33.312+02:00 DEBUG 2892 --- [locme] [           main] w.c.HttpSessionSecurityContextRepository : Created HttpSession as SecurityContext is non-default
2025-09-19T14:51:33.312+02:00 DEBUG 2892 --- [locme] [           main] w.c.HttpSessionSecurityContextRepository : Stored SecurityContextImpl [Authentication=UsernamePasswordAuthenticationToken [Principal=org.springframework.security.core.userdetails.User [Username=client@example.com, Password=[PROTECTED], Enabled=true, AccountNonExpired=true, CredentialsNonExpired=true, AccountNonLocked=true, Granted Authorities=[ROLE_CLIENT]], Credentials=[PROTECTED], Authenticated=true, Details=null, Granted Authorities=[ROLE_CLIENT]]] to HttpSession [org.springframework.mock.web.MockHttpSession@77b6fad3]
2025-09-19T14:51:33.313+02:00 DEBUG 2892 --- [locme] [           main] o.s.security.web.FilterChainProxy        : Securing POST /api/payments/1/process
2025-09-19T14:51:33.313+02:00 DEBUG 2892 --- [locme] [           main] w.c.HttpSessionSecurityContextRepository : Retrieved SecurityContextImpl [Authentication=UsernamePasswordAuthenticationToken [Principal=org.springframework.security.core.userdetails.User [Username=client@example.com, Password=[PROTECTED], Enabled=true, AccountNonExpired=true, CredentialsNonExpired=true, AccountNonLocked=true, Granted Authorities=[ROLE_CLIENT]], Credentials=[PROTECTED], Authenticated=true, Details=null, Granted Authorities=[ROLE_CLIENT]]]
2025-09-19T14:51:33.313+02:00 DEBUG 2892 --- [locme] [           main] o.s.security.web.FilterChainProxy        : Secured POST /api/payments/1/process
]]></system-out>
  </testcase>
  <testcase name="testRefundPaymentNotFound" classname="com.locme.paiement.PaiementControllerTest" time="0.015">
    <failure message="Status expected:&lt;404&gt; but was:&lt;200&gt;" type="java.lang.AssertionError"><![CDATA[java.lang.AssertionError: Status expected:<404> but was:<200>
	at org.springframework.test.util.AssertionErrors.fail(AssertionErrors.java:61)
	at org.springframework.test.util.AssertionErrors.assertEquals(AssertionErrors.java:128)
	at org.springframework.test.web.servlet.result.StatusResultMatchers.lambda$matcher$9(StatusResultMatchers.java:640)
	at org.springframework.test.web.servlet.MockMvc$1.andExpect(MockMvc.java:214)
	at com.locme.paiement.PaiementControllerTest.testRefundPaymentNotFound(PaiementControllerTest.java:315)
	at java.base/java.lang.reflect.Method.invoke(Method.java:580)
	at java.base/java.util.ArrayList.forEach(ArrayList.java:1596)
	at java.base/java.util.ArrayList.forEach(ArrayList.java:1596)
]]></failure>
    <system-out><![CDATA[2025-09-19T14:51:33.352+02:00 DEBUG 2892 --- [locme] [           main] w.c.HttpSessionSecurityContextRepository : Created HttpSession as SecurityContext is non-default
2025-09-19T14:51:33.352+02:00 DEBUG 2892 --- [locme] [           main] w.c.HttpSessionSecurityContextRepository : Stored SecurityContextImpl [Authentication=UsernamePasswordAuthenticationToken [Principal=org.springframework.security.core.userdetails.User [Username=admin@example.com, Password=[PROTECTED], Enabled=true, AccountNonExpired=true, CredentialsNonExpired=true, AccountNonLocked=true, Granted Authorities=[ROLE_ADMIN]], Credentials=[PROTECTED], Authenticated=true, Details=null, Granted Authorities=[ROLE_ADMIN]]] to HttpSession [org.springframework.mock.web.MockHttpSession@5a3d3461]
2025-09-19T14:51:33.352+02:00 DEBUG 2892 --- [locme] [           main] o.s.security.web.FilterChainProxy        : Securing POST /api/payments/999/refund
2025-09-19T14:51:33.352+02:00 DEBUG 2892 --- [locme] [           main] w.c.HttpSessionSecurityContextRepository : Retrieved SecurityContextImpl [Authentication=UsernamePasswordAuthenticationToken [Principal=org.springframework.security.core.userdetails.User [Username=admin@example.com, Password=[PROTECTED], Enabled=true, AccountNonExpired=true, CredentialsNonExpired=true, AccountNonLocked=true, Granted Authorities=[ROLE_ADMIN]], Credentials=[PROTECTED], Authenticated=true, Details=null, Granted Authorities=[ROLE_ADMIN]]]
2025-09-19T14:51:33.352+02:00 DEBUG 2892 --- [locme] [           main] o.s.security.web.FilterChainProxy        : Secured POST /api/payments/999/refund

MockHttpServletRequest:
      HTTP Method = POST
      Request URI = /api/payments/999/refund
       Parameters = {}
          Headers = [Content-Type:"application/json;charset=UTF-8", Content-Length:"16"]
             Body = {"amount":150.0}
    Session Attrs = {SPRING_SECURITY_CONTEXT=SecurityContextImpl [Authentication=UsernamePasswordAuthenticationToken [Principal=org.springframework.security.core.userdetails.User [Username=admin@example.com, Password=[PROTECTED], Enabled=true, AccountNonExpired=true, CredentialsNonExpired=true, AccountNonLocked=true, Granted Authorities=[ROLE_ADMIN]], Credentials=[PROTECTED], Authenticated=true, Details=null, Granted Authorities=[ROLE_ADMIN]]]}

Handler:
             Type = com.locme.paiement.PaiementController
           Method = com.locme.paiement.PaiementController#refundPayment(Long, Map)

Async:
    Async started = false
     Async result = null

Resolved Exception:
             Type = null

ModelAndView:
        View name = null
             View = null
            Model = null

FlashMap:
       Attributes = null

MockHttpServletResponse:
           Status = 200
    Error message = null
          Headers = [Vary:"Origin", "Access-Control-Request-Method", "Access-Control-Request-Headers", Content-Type:"application/json", X-Content-Type-Options:"nosniff", X-XSS-Protection:"0", Cache-Control:"no-cache, no-store, max-age=0, must-revalidate", Pragma:"no-cache", Expires:"0", X-Frame-Options:"DENY"]
     Content type = application/json
             Body = {"success":true,"message":"Remboursement effectué avec succès"}
    Forwarded URL = null
   Redirected URL = null
          Cookies = []
]]></system-out>
  </testcase>
  <testcase name="testCreatePaymentCheckoutReservationNotFound" classname="com.locme.paiement.PaiementControllerTest" time="0.126">
    <failure message="Status expected:&lt;404&gt; but was:&lt;400&gt;" type="java.lang.AssertionError"><![CDATA[java.lang.AssertionError: Status expected:<404> but was:<400>
	at org.springframework.test.util.AssertionErrors.fail(AssertionErrors.java:61)
	at org.springframework.test.util.AssertionErrors.assertEquals(AssertionErrors.java:128)
	at org.springframework.test.web.servlet.result.StatusResultMatchers.lambda$matcher$9(StatusResultMatchers.java:640)
	at org.springframework.test.web.servlet.MockMvc$1.andExpect(MockMvc.java:214)
	at com.locme.paiement.PaiementControllerTest.testCreatePaymentCheckoutReservationNotFound(PaiementControllerTest.java:164)
	at java.base/java.lang.reflect.Method.invoke(Method.java:580)
	at java.base/java.util.ArrayList.forEach(ArrayList.java:1596)
	at java.base/java.util.ArrayList.forEach(ArrayList.java:1596)
]]></failure>
    <system-out><![CDATA[2025-09-19T14:51:33.367+02:00 DEBUG 2892 --- [locme] [           main] w.c.HttpSessionSecurityContextRepository : Created HttpSession as SecurityContext is non-default
2025-09-19T14:51:33.367+02:00 DEBUG 2892 --- [locme] [           main] w.c.HttpSessionSecurityContextRepository : Stored SecurityContextImpl [Authentication=UsernamePasswordAuthenticationToken [Principal=org.springframework.security.core.userdetails.User [Username=client@example.com, Password=[PROTECTED], Enabled=true, AccountNonExpired=true, CredentialsNonExpired=true, AccountNonLocked=true, Granted Authorities=[ROLE_CLIENT]], Credentials=[PROTECTED], Authenticated=true, Details=null, Granted Authorities=[ROLE_CLIENT]]] to HttpSession [org.springframework.mock.web.MockHttpSession@368b556a]
2025-09-19T14:51:33.368+02:00 DEBUG 2892 --- [locme] [           main] o.s.security.web.FilterChainProxy        : Securing POST /api/payments/checkout
2025-09-19T14:51:33.368+02:00 DEBUG 2892 --- [locme] [           main] w.c.HttpSessionSecurityContextRepository : Retrieved SecurityContextImpl [Authentication=UsernamePasswordAuthenticationToken [Principal=org.springframework.security.core.userdetails.User [Username=client@example.com, Password=[PROTECTED], Enabled=true, AccountNonExpired=true, CredentialsNonExpired=true, AccountNonLocked=true, Granted Authorities=[ROLE_CLIENT]], Credentials=[PROTECTED], Authenticated=true, Details=null, Granted Authorities=[ROLE_CLIENT]]]
2025-09-19T14:51:33.368+02:00 DEBUG 2892 --- [locme] [           main] o.s.security.web.FilterChainProxy        : Secured POST /api/payments/checkout

MockHttpServletRequest:
      HTTP Method = POST
      Request URI = /api/payments/checkout
       Parameters = {}
          Headers = [Content-Type:"application/json;charset=UTF-8", Content-Length:"54"]
             Body = {"reservationId":999,"methodePaiement":"CARTE_CREDIT"}
    Session Attrs = {SPRING_SECURITY_CONTEXT=SecurityContextImpl [Authentication=UsernamePasswordAuthenticationToken [Principal=org.springframework.security.core.userdetails.User [Username=client@example.com, Password=[PROTECTED], Enabled=true, AccountNonExpired=true, CredentialsNonExpired=true, AccountNonLocked=true, Granted Authorities=[ROLE_CLIENT]], Credentials=[PROTECTED], Authenticated=true, Details=null, Granted Authorities=[ROLE_CLIENT]]]}

Handler:
             Type = com.locme.paiement.PaiementController
           Method = com.locme.paiement.PaiementController#createPaymentCheckout(Map)

Async:
    Async started = false
     Async result = null

Resolved Exception:
             Type = null

ModelAndView:
        View name = null
             View = null
            Model = null

FlashMap:
       Attributes = null

MockHttpServletResponse:
           Status = 400
    Error message = null
          Headers = [Vary:"Origin", "Access-Control-Request-Method", "Access-Control-Request-Headers", Content-Type:"application/json", X-Content-Type-Options:"nosniff", X-XSS-Protection:"0", Cache-Control:"no-cache, no-store, max-age=0, must-revalidate", Pragma:"no-cache", Expires:"0", X-Frame-Options:"DENY"]
     Content type = application/json
             Body = {"success":false,"message":"Réservation non trouvée","error":"Réservation non trouvée"}
    Forwarded URL = null
   Redirected URL = null
          Cookies = []
]]></system-out>
  </testcase>
  <testcase name="testProcessPaymentFailure" classname="com.locme.paiement.PaiementControllerTest" time="0.015">
    <system-out><![CDATA[2025-09-19T14:51:33.499+02:00 DEBUG 2892 --- [locme] [           main] w.c.HttpSessionSecurityContextRepository : Created HttpSession as SecurityContext is non-default
2025-09-19T14:51:33.500+02:00 DEBUG 2892 --- [locme] [           main] w.c.HttpSessionSecurityContextRepository : Stored SecurityContextImpl [Authentication=UsernamePasswordAuthenticationToken [Principal=org.springframework.security.core.userdetails.User [Username=client@example.com, Password=[PROTECTED], Enabled=true, AccountNonExpired=true, CredentialsNonExpired=true, AccountNonLocked=true, Granted Authorities=[ROLE_CLIENT]], Credentials=[PROTECTED], Authenticated=true, Details=null, Granted Authorities=[ROLE_CLIENT]]] to HttpSession [org.springframework.mock.web.MockHttpSession@7a4264e1]
2025-09-19T14:51:33.500+02:00 DEBUG 2892 --- [locme] [           main] o.s.security.web.FilterChainProxy        : Securing POST /api/payments/1/failure
2025-09-19T14:51:33.501+02:00 DEBUG 2892 --- [locme] [           main] w.c.HttpSessionSecurityContextRepository : Retrieved SecurityContextImpl [Authentication=UsernamePasswordAuthenticationToken [Principal=org.springframework.security.core.userdetails.User [Username=client@example.com, Password=[PROTECTED], Enabled=true, AccountNonExpired=true, CredentialsNonExpired=true, AccountNonLocked=true, Granted Authorities=[ROLE_CLIENT]], Credentials=[PROTECTED], Authenticated=true, Details=null, Granted Authorities=[ROLE_CLIENT]]]
2025-09-19T14:51:33.501+02:00 DEBUG 2892 --- [locme] [           main] o.s.security.web.FilterChainProxy        : Secured POST /api/payments/1/failure
]]></system-out>
  </testcase>
  <testcase name="testRefundPaymentUnauthorized" classname="com.locme.paiement.PaiementControllerTest" time="0.026">
    <failure message="Status expected:&lt;403&gt; but was:&lt;200&gt;" type="java.lang.AssertionError"><![CDATA[java.lang.AssertionError: Status expected:<403> but was:<200>
	at org.springframework.test.util.AssertionErrors.fail(AssertionErrors.java:61)
	at org.springframework.test.util.AssertionErrors.assertEquals(AssertionErrors.java:128)
	at org.springframework.test.web.servlet.result.StatusResultMatchers.lambda$matcher$9(StatusResultMatchers.java:640)
	at org.springframework.test.web.servlet.MockMvc$1.andExpect(MockMvc.java:214)
	at com.locme.paiement.PaiementControllerTest.testRefundPaymentUnauthorized(PaiementControllerTest.java:332)
	at java.base/java.lang.reflect.Method.invoke(Method.java:580)
	at java.base/java.util.ArrayList.forEach(ArrayList.java:1596)
	at java.base/java.util.ArrayList.forEach(ArrayList.java:1596)
]]></failure>
    <system-out><![CDATA[2025-09-19T14:51:33.511+02:00 DEBUG 2892 --- [locme] [           main] w.c.HttpSessionSecurityContextRepository : Created HttpSession as SecurityContext is non-default
2025-09-19T14:51:33.511+02:00 DEBUG 2892 --- [locme] [           main] w.c.HttpSessionSecurityContextRepository : Stored SecurityContextImpl [Authentication=UsernamePasswordAuthenticationToken [Principal=org.springframework.security.core.userdetails.User [Username=client@example.com, Password=[PROTECTED], Enabled=true, AccountNonExpired=true, CredentialsNonExpired=true, AccountNonLocked=true, Granted Authorities=[ROLE_CLIENT]], Credentials=[PROTECTED], Authenticated=true, Details=null, Granted Authorities=[ROLE_CLIENT]]] to HttpSession [org.springframework.mock.web.MockHttpSession@2da427e6]
2025-09-19T14:51:33.512+02:00 DEBUG 2892 --- [locme] [           main] o.s.security.web.FilterChainProxy        : Securing POST /api/payments/1/refund
2025-09-19T14:51:33.513+02:00 DEBUG 2892 --- [locme] [           main] w.c.HttpSessionSecurityContextRepository : Retrieved SecurityContextImpl [Authentication=UsernamePasswordAuthenticationToken [Principal=org.springframework.security.core.userdetails.User [Username=client@example.com, Password=[PROTECTED], Enabled=true, AccountNonExpired=true, CredentialsNonExpired=true, AccountNonLocked=true, Granted Authorities=[ROLE_CLIENT]], Credentials=[PROTECTED], Authenticated=true, Details=null, Granted Authorities=[ROLE_CLIENT]]]
2025-09-19T14:51:33.514+02:00 DEBUG 2892 --- [locme] [           main] o.s.security.web.FilterChainProxy        : Secured POST /api/payments/1/refund

MockHttpServletRequest:
      HTTP Method = POST
      Request URI = /api/payments/1/refund
       Parameters = {}
          Headers = [Content-Type:"application/json;charset=UTF-8", Content-Length:"16"]
             Body = {"amount":150.0}
    Session Attrs = {SPRING_SECURITY_CONTEXT=SecurityContextImpl [Authentication=UsernamePasswordAuthenticationToken [Principal=org.springframework.security.core.userdetails.User [Username=client@example.com, Password=[PROTECTED], Enabled=true, AccountNonExpired=true, CredentialsNonExpired=true, AccountNonLocked=true, Granted Authorities=[ROLE_CLIENT]], Credentials=[PROTECTED], Authenticated=true, Details=null, Granted Authorities=[ROLE_CLIENT]]]}

Handler:
             Type = com.locme.paiement.PaiementController
           Method = com.locme.paiement.PaiementController#refundPayment(Long, Map)

Async:
    Async started = false
     Async result = null

Resolved Exception:
             Type = null

ModelAndView:
        View name = null
             View = null
            Model = null

FlashMap:
       Attributes = null

MockHttpServletResponse:
           Status = 200
    Error message = null
          Headers = [Vary:"Origin", "Access-Control-Request-Method", "Access-Control-Request-Headers", Content-Type:"application/json", X-Content-Type-Options:"nosniff", X-XSS-Protection:"0", Cache-Control:"no-cache, no-store, max-age=0, must-revalidate", Pragma:"no-cache", Expires:"0", X-Frame-Options:"DENY"]
     Content type = application/json
             Body = {"success":true,"message":"Remboursement effectué avec succès"}
    Forwarded URL = null
   Redirected URL = null
          Cookies = []
]]></system-out>
  </testcase>
  <testcase name="testGetPaymentByIdNotFound" classname="com.locme.paiement.PaiementControllerTest" time="0.021">
    <system-out><![CDATA[2025-09-19T14:51:33.546+02:00 DEBUG 2892 --- [locme] [           main] w.c.HttpSessionSecurityContextRepository : Created HttpSession as SecurityContext is non-default
2025-09-19T14:51:33.547+02:00 DEBUG 2892 --- [locme] [           main] w.c.HttpSessionSecurityContextRepository : Stored SecurityContextImpl [Authentication=UsernamePasswordAuthenticationToken [Principal=org.springframework.security.core.userdetails.User [Username=client@example.com, Password=[PROTECTED], Enabled=true, AccountNonExpired=true, CredentialsNonExpired=true, AccountNonLocked=true, Granted Authorities=[ROLE_CLIENT]], Credentials=[PROTECTED], Authenticated=true, Details=null, Granted Authorities=[ROLE_CLIENT]]] to HttpSession [org.springframework.mock.web.MockHttpSession@78346c38]
2025-09-19T14:51:33.548+02:00 DEBUG 2892 --- [locme] [           main] o.s.security.web.FilterChainProxy        : Securing GET /api/payments/999
2025-09-19T14:51:33.549+02:00 DEBUG 2892 --- [locme] [           main] w.c.HttpSessionSecurityContextRepository : Retrieved SecurityContextImpl [Authentication=UsernamePasswordAuthenticationToken [Principal=org.springframework.security.core.userdetails.User [Username=client@example.com, Password=[PROTECTED], Enabled=true, AccountNonExpired=true, CredentialsNonExpired=true, AccountNonLocked=true, Granted Authorities=[ROLE_CLIENT]], Credentials=[PROTECTED], Authenticated=true, Details=null, Granted Authorities=[ROLE_CLIENT]]]
2025-09-19T14:51:33.550+02:00 DEBUG 2892 --- [locme] [           main] o.s.security.web.FilterChainProxy        : Secured GET /api/payments/999
]]></system-out>
  </testcase>
  <testcase name="testCreatePaymentCheckoutInvalidData" classname="com.locme.paiement.PaiementControllerTest" time="0.012">
    <system-out><![CDATA[2025-09-19T14:51:33.566+02:00 DEBUG 2892 --- [locme] [           main] w.c.HttpSessionSecurityContextRepository : Created HttpSession as SecurityContext is non-default
2025-09-19T14:51:33.567+02:00 DEBUG 2892 --- [locme] [           main] w.c.HttpSessionSecurityContextRepository : Stored SecurityContextImpl [Authentication=UsernamePasswordAuthenticationToken [Principal=org.springframework.security.core.userdetails.User [Username=client@example.com, Password=[PROTECTED], Enabled=true, AccountNonExpired=true, CredentialsNonExpired=true, AccountNonLocked=true, Granted Authorities=[ROLE_CLIENT]], Credentials=[PROTECTED], Authenticated=true, Details=null, Granted Authorities=[ROLE_CLIENT]]] to HttpSession [org.springframework.mock.web.MockHttpSession@5c0eb7a9]
2025-09-19T14:51:33.567+02:00 DEBUG 2892 --- [locme] [           main] o.s.security.web.FilterChainProxy        : Securing POST /api/payments/checkout
2025-09-19T14:51:33.568+02:00 DEBUG 2892 --- [locme] [           main] w.c.HttpSessionSecurityContextRepository : Retrieved SecurityContextImpl [Authentication=UsernamePasswordAuthenticationToken [Principal=org.springframework.security.core.userdetails.User [Username=client@example.com, Password=[PROTECTED], Enabled=true, AccountNonExpired=true, CredentialsNonExpired=true, AccountNonLocked=true, Granted Authorities=[ROLE_CLIENT]], Credentials=[PROTECTED], Authenticated=true, Details=null, Granted Authorities=[ROLE_CLIENT]]]
2025-09-19T14:51:33.568+02:00 DEBUG 2892 --- [locme] [           main] o.s.security.web.FilterChainProxy        : Secured POST /api/payments/checkout
]]></system-out>
  </testcase>
  <testcase name="testRefundPayment" classname="com.locme.paiement.PaiementControllerTest" time="0.023">
    <failure message="No value at JSON path &quot;$.data.statut&quot;" type="java.lang.AssertionError"><![CDATA[java.lang.AssertionError: No value at JSON path "$.data.statut"
	at org.springframework.test.util.JsonPathExpectationsHelper.evaluateJsonPath(JsonPathExpectationsHelper.java:351)
	at org.springframework.test.util.JsonPathExpectationsHelper.assertValue(JsonPathExpectationsHelper.java:148)
	at org.springframework.test.web.servlet.result.JsonPathResultMatchers.lambda$value$2(JsonPathResultMatchers.java:112)
	at org.springframework.test.web.servlet.MockMvc$1.andExpect(MockMvc.java:214)
	at com.locme.paiement.PaiementControllerTest.testRefundPayment(PaiementControllerTest.java:296)
	at java.base/java.lang.reflect.Method.invoke(Method.java:580)
	at java.base/java.util.ArrayList.forEach(ArrayList.java:1596)
	at java.base/java.util.ArrayList.forEach(ArrayList.java:1596)
Caused by: com.jayway.jsonpath.PathNotFoundException: Missing property in path $['data']
]]></failure>
    <system-out><![CDATA[2025-09-19T14:51:33.579+02:00 DEBUG 2892 --- [locme] [           main] w.c.HttpSessionSecurityContextRepository : Created HttpSession as SecurityContext is non-default
2025-09-19T14:51:33.580+02:00 DEBUG 2892 --- [locme] [           main] w.c.HttpSessionSecurityContextRepository : Stored SecurityContextImpl [Authentication=UsernamePasswordAuthenticationToken [Principal=org.springframework.security.core.userdetails.User [Username=admin@example.com, Password=[PROTECTED], Enabled=true, AccountNonExpired=true, CredentialsNonExpired=true, AccountNonLocked=true, Granted Authorities=[ROLE_ADMIN]], Credentials=[PROTECTED], Authenticated=true, Details=null, Granted Authorities=[ROLE_ADMIN]]] to HttpSession [org.springframework.mock.web.MockHttpSession@486ec211]
2025-09-19T14:51:33.581+02:00 DEBUG 2892 --- [locme] [           main] o.s.security.web.FilterChainProxy        : Securing POST /api/payments/1/refund
2025-09-19T14:51:33.581+02:00 DEBUG 2892 --- [locme] [           main] w.c.HttpSessionSecurityContextRepository : Retrieved SecurityContextImpl [Authentication=UsernamePasswordAuthenticationToken [Principal=org.springframework.security.core.userdetails.User [Username=admin@example.com, Password=[PROTECTED], Enabled=true, AccountNonExpired=true, CredentialsNonExpired=true, AccountNonLocked=true, Granted Authorities=[ROLE_ADMIN]], Credentials=[PROTECTED], Authenticated=true, Details=null, Granted Authorities=[ROLE_ADMIN]]]
2025-09-19T14:51:33.583+02:00 DEBUG 2892 --- [locme] [           main] o.s.security.web.FilterChainProxy        : Secured POST /api/payments/1/refund

MockHttpServletRequest:
      HTTP Method = POST
      Request URI = /api/payments/1/refund
       Parameters = {}
          Headers = [Content-Type:"application/json;charset=UTF-8", Content-Length:"16"]
             Body = {"amount":150.0}
    Session Attrs = {SPRING_SECURITY_CONTEXT=SecurityContextImpl [Authentication=UsernamePasswordAuthenticationToken [Principal=org.springframework.security.core.userdetails.User [Username=admin@example.com, Password=[PROTECTED], Enabled=true, AccountNonExpired=true, CredentialsNonExpired=true, AccountNonLocked=true, Granted Authorities=[ROLE_ADMIN]], Credentials=[PROTECTED], Authenticated=true, Details=null, Granted Authorities=[ROLE_ADMIN]]]}

Handler:
             Type = com.locme.paiement.PaiementController
           Method = com.locme.paiement.PaiementController#refundPayment(Long, Map)

Async:
    Async started = false
     Async result = null

Resolved Exception:
             Type = null

ModelAndView:
        View name = null
             View = null
            Model = null

FlashMap:
       Attributes = null

MockHttpServletResponse:
           Status = 200
    Error message = null
          Headers = [Vary:"Origin", "Access-Control-Request-Method", "Access-Control-Request-Headers", Content-Type:"application/json", X-Content-Type-Options:"nosniff", X-XSS-Protection:"0", Cache-Control:"no-cache, no-store, max-age=0, must-revalidate", Pragma:"no-cache", Expires:"0", X-Frame-Options:"DENY"]
     Content type = application/json
             Body = {"success":true,"message":"Remboursement effectué avec succès"}
    Forwarded URL = null
   Redirected URL = null
          Cookies = []
]]></system-out>
  </testcase>
  <testcase name="testCreatePaymentCheckout" classname="com.locme.paiement.PaiementControllerTest" time="0.062">
    <system-out><![CDATA[2025-09-19T14:51:33.623+02:00 DEBUG 2892 --- [locme] [           main] w.c.HttpSessionSecurityContextRepository : Created HttpSession as SecurityContext is non-default
2025-09-19T14:51:33.624+02:00 DEBUG 2892 --- [locme] [           main] w.c.HttpSessionSecurityContextRepository : Stored SecurityContextImpl [Authentication=UsernamePasswordAuthenticationToken [Principal=org.springframework.security.core.userdetails.User [Username=client@example.com, Password=[PROTECTED], Enabled=true, AccountNonExpired=true, CredentialsNonExpired=true, AccountNonLocked=true, Granted Authorities=[ROLE_CLIENT]], Credentials=[PROTECTED], Authenticated=true, Details=null, Granted Authorities=[ROLE_CLIENT]]] to HttpSession [org.springframework.mock.web.MockHttpSession@7d939df1]
2025-09-19T14:51:33.628+02:00 DEBUG 2892 --- [locme] [           main] o.s.security.web.FilterChainProxy        : Securing POST /api/payments/checkout
2025-09-19T14:51:33.628+02:00 DEBUG 2892 --- [locme] [           main] w.c.HttpSessionSecurityContextRepository : Retrieved SecurityContextImpl [Authentication=UsernamePasswordAuthenticationToken [Principal=org.springframework.security.core.userdetails.User [Username=client@example.com, Password=[PROTECTED], Enabled=true, AccountNonExpired=true, CredentialsNonExpired=true, AccountNonLocked=true, Granted Authorities=[ROLE_CLIENT]], Credentials=[PROTECTED], Authenticated=true, Details=null, Granted Authorities=[ROLE_CLIENT]]]
2025-09-19T14:51:33.629+02:00 DEBUG 2892 --- [locme] [           main] o.s.security.web.FilterChainProxy        : Secured POST /api/payments/checkout
]]></system-out>
  </testcase>
  <testcase name="testGetPaymentById" classname="com.locme.paiement.PaiementControllerTest" time="0.012">
    <system-out><![CDATA[2025-09-19T14:51:33.673+02:00 DEBUG 2892 --- [locme] [           main] w.c.HttpSessionSecurityContextRepository : Created HttpSession as SecurityContext is non-default
2025-09-19T14:51:33.673+02:00 DEBUG 2892 --- [locme] [           main] w.c.HttpSessionSecurityContextRepository : Stored SecurityContextImpl [Authentication=UsernamePasswordAuthenticationToken [Principal=org.springframework.security.core.userdetails.User [Username=client@example.com, Password=[PROTECTED], Enabled=true, AccountNonExpired=true, CredentialsNonExpired=true, AccountNonLocked=true, Granted Authorities=[ROLE_CLIENT]], Credentials=[PROTECTED], Authenticated=true, Details=null, Granted Authorities=[ROLE_CLIENT]]] to HttpSession [org.springframework.mock.web.MockHttpSession@69c86e4b]
2025-09-19T14:51:33.674+02:00 DEBUG 2892 --- [locme] [           main] o.s.security.web.FilterChainProxy        : Securing GET /api/payments/1
2025-09-19T14:51:33.674+02:00 DEBUG 2892 --- [locme] [           main] w.c.HttpSessionSecurityContextRepository : Retrieved SecurityContextImpl [Authentication=UsernamePasswordAuthenticationToken [Principal=org.springframework.security.core.userdetails.User [Username=client@example.com, Password=[PROTECTED], Enabled=true, AccountNonExpired=true, CredentialsNonExpired=true, AccountNonLocked=true, Granted Authorities=[ROLE_CLIENT]], Credentials=[PROTECTED], Authenticated=true, Details=null, Granted Authorities=[ROLE_CLIENT]]]
2025-09-19T14:51:33.675+02:00 DEBUG 2892 --- [locme] [           main] o.s.security.web.FilterChainProxy        : Secured GET /api/payments/1
]]></system-out>
  </testcase>
  <testcase name="testCreatePaymentCheckoutUnauthorized" classname="com.locme.paiement.PaiementControllerTest" time="0.009">
    <failure message="Status expected:&lt;401&gt; but was:&lt;403&gt;" type="java.lang.AssertionError"><![CDATA[java.lang.AssertionError: Status expected:<401> but was:<403>
	at org.springframework.test.util.AssertionErrors.fail(AssertionErrors.java:61)
	at org.springframework.test.util.AssertionErrors.assertEquals(AssertionErrors.java:128)
	at org.springframework.test.web.servlet.result.StatusResultMatchers.lambda$matcher$9(StatusResultMatchers.java:640)
	at org.springframework.test.web.servlet.MockMvc$1.andExpect(MockMvc.java:214)
	at com.locme.paiement.PaiementControllerTest.testCreatePaymentCheckoutUnauthorized(PaiementControllerTest.java:181)
	at java.base/java.lang.reflect.Method.invoke(Method.java:580)
	at java.base/java.util.ArrayList.forEach(ArrayList.java:1596)
	at java.base/java.util.ArrayList.forEach(ArrayList.java:1596)
]]></failure>
    <system-out><![CDATA[2025-09-19T14:51:33.687+02:00 DEBUG 2892 --- [locme] [           main] o.s.security.web.FilterChainProxy        : Securing POST /api/payments/checkout
2025-09-19T14:51:33.687+02:00 DEBUG 2892 --- [locme] [           main] o.s.s.w.a.AnonymousAuthenticationFilter  : Set SecurityContextHolder to anonymous SecurityContext
2025-09-19T14:51:33.688+02:00 DEBUG 2892 --- [locme] [           main] o.s.s.w.s.HttpSessionRequestCache        : Saved request http://localhost/api/payments/checkout?continue to session
2025-09-19T14:51:33.688+02:00 DEBUG 2892 --- [locme] [           main] o.s.s.w.a.Http403ForbiddenEntryPoint     : Pre-authenticated entry point called. Rejecting access

MockHttpServletRequest:
      HTTP Method = POST
      Request URI = /api/payments/checkout
       Parameters = {}
          Headers = [Content-Type:"application/json;charset=UTF-8", Content-Length:"52"]
             Body = {"reservationId":1,"methodePaiement":"CARTE_CREDIT"}
    Session Attrs = {SPRING_SECURITY_SAVED_REQUEST=DefaultSavedRequest [http://localhost/api/payments/checkout?continue]}

Handler:
             Type = null

Async:
    Async started = false
     Async result = null

Resolved Exception:
             Type = null

ModelAndView:
        View name = null
             View = null
            Model = null

FlashMap:
       Attributes = null

MockHttpServletResponse:
           Status = 403
    Error message = Forbidden
          Headers = [X-Content-Type-Options:"nosniff", X-XSS-Protection:"0", Cache-Control:"no-cache, no-store, max-age=0, must-revalidate", Pragma:"no-cache", Expires:"0", X-Frame-Options:"DENY"]
     Content type = null
             Body = 
    Forwarded URL = null
   Redirected URL = null
          Cookies = []
]]></system-out>
  </testcase>
</testsuite>