<?xml version="1.0" encoding="UTF-8"?>
<testsuite xmlns:xsi="http://www.w3.org/2001/XMLSchema-instance" xsi:noNamespaceSchemaLocation="https://maven.apache.org/surefire/maven-surefire-plugin/xsd/surefire-test-report.xsd" version="3.0.2" name="com.locme.paiement.PaiementServiceTest" time="0.212" tests="13" errors="0" skipped="0" failures="0">
  <properties>
[...]
</properties>
  <testcase name="testProcessPaymentSuccess" classname="com.locme.paiement.PaiementServiceTest" time="0.166"/>
  <testcase name="testRefundPaiementNotPaid" classname="com.locme.paiement.PaiementServiceTest" time="0.003"/>
  <testcase name="testRefundPaiement" classname="com.locme.paiement.PaiementServiceTest" time="0.003"/>
  <testcase name="testGetPaiementByReservation" classname="com.locme.paiement.PaiementServiceTest" time="0.003"/>
  <testcase name="testGetPaiementById" classname="com.locme.paiement.PaiementServiceTest" time="0.004"/>
  <testcase name="testProcessPaymentFailure" classname="com.locme.paiement.PaiementServiceTest" time="0.004"/>
  <testcase name="testRefundPaiementNotFound" classname="com.locme.paiement.PaiementServiceTest" time="0.003"/>
  <testcase name="testCreatePaiement" classname="com.locme.paiement.PaiementServiceTest" time="0.004"/>
  <testcase name="testCreatePaiementAlreadyExists" classname="com.locme.paiement.PaiementServiceTest" time="0.004"/>
  <testcase name="testGetPaiementByIdNotFound" classname="com.locme.paiement.PaiementServiceTest" time="0.003"/>
  <testcase name="testGetPaiementByReservationNotFound" classname="com.locme.paiement.PaiementServiceTest" time="0.003"/>
  <testcase name="testCreatePaiementReservationNotFound" classname="com.locme.paiement.PaiementServiceTest" time="0.003"/>
  <testcase name="testProcessPaymentNotFound" classname="com.locme.paiement.PaiementServiceTest" time="0.002"/>
</testsuite>