<?xml version="1.0" encoding="UTF-8"?>
<testsuite xmlns:xsi="http://www.w3.org/2001/XMLSchema-instance" xsi:noNamespaceSchemaLocation="https://maven.apache.org/surefire/maven-surefire-plugin/xsd/surefire-test-report.xsd" version="3.0.2" name="com.locme.voiture.VoitureControllerTest" time="0.206" tests="14" errors="0" skipped="0" failures="2">
  <properties>
[...]
</properties>
  <testcase name="testDeleteVoiture" classname="com.locme.voiture.VoitureControllerTest" time="0.009">
    <system-out><![CDATA[2025-09-19T14:51:35.319+02:00  INFO 2892 --- [locme] [           main] t.c.s.AnnotationConfigContextLoaderUtils : Could not detect default configuration classes for test class [com.locme.voiture.VoitureControllerTest]: VoitureControllerTest does not declare any static, non-private, non-final, nested classes annotated with @Configuration.
2025-09-19T14:51:35.333+02:00 DEBUG 2892 --- [locme] [           main] w.c.HttpSessionSecurityContextRepository : Created HttpSession as SecurityContext is non-default
2025-09-19T14:51:35.333+02:00 DEBUG 2892 --- [locme] [           main] w.c.HttpSessionSecurityContextRepository : Stored SecurityContextImpl [Authentication=UsernamePasswordAuthenticationToken [Principal=org.springframework.security.core.userdetails.User [Username=test@example.com, Password=[PROTECTED], Enabled=true, AccountNonExpired=true, CredentialsNonExpired=true, AccountNonLocked=true, Granted Authorities=[ROLE_SOCIETE]], Credentials=[PROTECTED], Authenticated=true, Details=null, Granted Authorities=[ROLE_SOCIETE]]] to HttpSession [org.springframework.mock.web.MockHttpSession@31a96ac0]
2025-09-19T14:51:35.333+02:00 DEBUG 2892 --- [locme] [           main] o.s.security.web.FilterChainProxy        : Securing DELETE /api/voitures/1
2025-09-19T14:51:35.333+02:00 DEBUG 2892 --- [locme] [           main] o.s.security.web.FilterChainProxy        : Secured DELETE /api/voitures/1
2025-09-19T14:51:35.335+02:00 DEBUG 2892 --- [locme] [           main] w.c.HttpSessionSecurityContextRepository : Retrieved SecurityContextImpl [Authentication=UsernamePasswordAuthenticationToken [Principal=org.springframework.security.core.userdetails.User [Username=test@example.com, Password=[PROTECTED], Enabled=true, AccountNonExpired=true, CredentialsNonExpired=true, AccountNonLocked=true, Granted Authorities=[ROLE_SOCIETE]], Credentials=[PROTECTED], Authenticated=true, Details=null, Granted Authorities=[ROLE_SOCIETE]]]
]]></system-out>
  </testcase>
  <testcase name="testUpdateVoitureNotFound" classname="com.locme.voiture.VoitureControllerTest" time="0.012">
    <failure message="Status expected:&lt;404&gt; but was:&lt;400&gt;" type="java.lang.AssertionError"><![CDATA[java.lang.AssertionError: Status expected:<404> but was:<400>
	at org.springframework.test.util.AssertionErrors.fail(AssertionErrors.java:61)
	at org.springframework.test.util.AssertionErrors.assertEquals(AssertionErrors.java:128)
	at org.springframework.test.web.servlet.result.StatusResultMatchers.lambda$matcher$9(StatusResultMatchers.java:640)
	at org.springframework.test.web.servlet.MockMvc$1.andExpect(MockMvc.java:214)
	at com.locme.voiture.VoitureControllerTest.testUpdateVoitureNotFound(VoitureControllerTest.java:289)
	at java.base/java.lang.reflect.Method.invoke(Method.java:580)
	at java.base/java.util.ArrayList.forEach(ArrayList.java:1596)
	at java.base/java.util.ArrayList.forEach(ArrayList.java:1596)
]]></failure>
    <system-out><![CDATA[2025-09-19T14:51:35.342+02:00 DEBUG 2892 --- [locme] [           main] w.c.HttpSessionSecurityContextRepository : Created HttpSession as SecurityContext is non-default
2025-09-19T14:51:35.342+02:00 DEBUG 2892 --- [locme] [           main] w.c.HttpSessionSecurityContextRepository : Stored SecurityContextImpl [Authentication=UsernamePasswordAuthenticationToken [Principal=org.springframework.security.core.userdetails.User [Username=test@example.com, Password=[PROTECTED], Enabled=true, AccountNonExpired=true, CredentialsNonExpired=true, AccountNonLocked=true, Granted Authorities=[ROLE_SOCIETE]], Credentials=[PROTECTED], Authenticated=true, Details=null, Granted Authorities=[ROLE_SOCIETE]]] to HttpSession [org.springframework.mock.web.MockHttpSession@4883af87]
2025-09-19T14:51:35.343+02:00 DEBUG 2892 --- [locme] [           main] o.s.security.web.FilterChainProxy        : Securing PUT /api/voitures/999
2025-09-19T14:51:35.343+02:00 DEBUG 2892 --- [locme] [           main] o.s.security.web.FilterChainProxy        : Secured PUT /api/voitures/999
2025-09-19T14:51:35.347+02:00 DEBUG 2892 --- [locme] [           main] w.c.HttpSessionSecurityContextRepository : Retrieved SecurityContextImpl [Authentication=UsernamePasswordAuthenticationToken [Principal=org.springframework.security.core.userdetails.User [Username=test@example.com, Password=[PROTECTED], Enabled=true, AccountNonExpired=true, CredentialsNonExpired=true, AccountNonLocked=true, Granted Authorities=[ROLE_SOCIETE]], Credentials=[PROTECTED], Authenticated=true, Details=null, Granted Authorities=[ROLE_SOCIETE]]]

MockHttpServletRequest:
      HTTP Method = PUT
      Request URI = /api/voitures/999
       Parameters = {}
          Headers = [Content-Type:"application/json;charset=UTF-8", Content-Length:"247"]
             Body = {"id":null,"marque":"Toyota Updated","modele":null,"prixParJour":null,"disponible":true,"annee":null,"kilometrage":null,"carburant":null,"transmission":null,"nombrePlaces":null,"imageUrl":null,"description":null,"societeId":null,"societeNom":null}
    Session Attrs = {SPRING_SECURITY_CONTEXT=SecurityContextImpl [Authentication=UsernamePasswordAuthenticationToken [Principal=org.springframework.security.core.userdetails.User [Username=test@example.com, Password=[PROTECTED], Enabled=true, AccountNonExpired=true, CredentialsNonExpired=true, AccountNonLocked=true, Granted Authorities=[ROLE_SOCIETE]], Credentials=[PROTECTED], Authenticated=true, Details=null, Granted Authorities=[ROLE_SOCIETE]]]}

Handler:
             Type = com.locme.voiture.VoitureController
           Method = com.locme.voiture.VoitureController#updateVoiture(Long, VoitureDto)

Async:
    Async started = false
     Async result = null

Resolved Exception:
             Type = org.springframework.web.bind.MethodArgumentNotValidException

ModelAndView:
        View name = null
             View = null
            Model = null

FlashMap:
       Attributes = null

MockHttpServletResponse:
           Status = 400
    Error message = null
          Headers = [Vary:"Origin", "Access-Control-Request-Method", "Access-Control-Request-Headers", Content-Type:"application/json", X-Content-Type-Options:"nosniff", X-XSS-Protection:"0", Cache-Control:"no-cache, no-store, max-age=0, must-revalidate", Pragma:"no-cache", Expires:"0", X-Frame-Options:"DENY"]
     Content type = application/json
             Body = {"success":false,"message":"Erreurs de validation","error":"{prixParJour=must not be null, modele=must not be blank}"}
    Forwarded URL = null
   Redirected URL = null
          Cookies = []
]]></system-out>
  </testcase>
  <testcase name="testGetVoitureByIdNotFound" classname="com.locme.voiture.VoitureControllerTest" time="0.007">
    <system-out><![CDATA[2025-09-19T14:51:35.355+02:00 DEBUG 2892 --- [locme] [           main] o.s.security.web.FilterChainProxy        : Securing GET /api/voitures/999
2025-09-19T14:51:35.355+02:00 DEBUG 2892 --- [locme] [           main] o.s.security.web.FilterChainProxy        : Secured GET /api/voitures/999
2025-09-19T14:51:35.357+02:00 DEBUG 2892 --- [locme] [           main] o.s.s.w.a.AnonymousAuthenticationFilter  : Set SecurityContextHolder to anonymous SecurityContext
]]></system-out>
  </testcase>
  <testcase name="testGetAvailableVoitures" classname="com.locme.voiture.VoitureControllerTest" time="0.014">
    <system-out><![CDATA[2025-09-19T14:51:35.368+02:00 DEBUG 2892 --- [locme] [           main] o.s.security.web.FilterChainProxy        : Securing GET /api/voitures/disponibles
2025-09-19T14:51:35.368+02:00 DEBUG 2892 --- [locme] [           main] o.s.security.web.FilterChainProxy        : Secured GET /api/voitures/disponibles
2025-09-19T14:51:35.373+02:00 DEBUG 2892 --- [locme] [           main] o.s.s.w.a.AnonymousAuthenticationFilter  : Set SecurityContextHolder to anonymous SecurityContext
]]></system-out>
  </testcase>
  <testcase name="testGetVoitureById" classname="com.locme.voiture.VoitureControllerTest" time="0.011">
    <system-out><![CDATA[2025-09-19T14:51:35.380+02:00 DEBUG 2892 --- [locme] [           main] o.s.security.web.FilterChainProxy        : Securing GET /api/voitures/1
2025-09-19T14:51:35.380+02:00 DEBUG 2892 --- [locme] [           main] o.s.security.web.FilterChainProxy        : Secured GET /api/voitures/1
2025-09-19T14:51:35.383+02:00 DEBUG 2892 --- [locme] [           main] o.s.s.w.a.AnonymousAuthenticationFilter  : Set SecurityContextHolder to anonymous SecurityContext
]]></system-out>
  </testcase>
  <testcase name="testCreateVoitureUnauthorized" classname="com.locme.voiture.VoitureControllerTest" time="0.021">
    <failure message="Status expected:&lt;401&gt; but was:&lt;200&gt;" type="java.lang.AssertionError"><![CDATA[java.lang.AssertionError: Status expected:<401> but was:<200>
	at org.springframework.test.util.AssertionErrors.fail(AssertionErrors.java:61)
	at org.springframework.test.util.AssertionErrors.assertEquals(AssertionErrors.java:128)
	at org.springframework.test.web.servlet.result.StatusResultMatchers.lambda$matcher$9(StatusResultMatchers.java:640)
	at org.springframework.test.web.servlet.MockMvc$1.andExpect(MockMvc.java:214)
	at com.locme.voiture.VoitureControllerTest.testCreateVoitureUnauthorized(VoitureControllerTest.java:334)
	at java.base/java.lang.reflect.Method.invoke(Method.java:580)
	at java.base/java.util.ArrayList.forEach(ArrayList.java:1596)
	at java.base/java.util.ArrayList.forEach(ArrayList.java:1596)
]]></failure>
    <system-out><![CDATA[2025-09-19T14:51:35.407+02:00 DEBUG 2892 --- [locme] [           main] o.s.security.web.FilterChainProxy        : Securing POST /api/voitures
2025-09-19T14:51:35.407+02:00 DEBUG 2892 --- [locme] [           main] o.s.security.web.FilterChainProxy        : Secured POST /api/voitures
2025-09-19T14:51:35.411+02:00 DEBUG 2892 --- [locme] [           main] o.s.s.w.a.AnonymousAuthenticationFilter  : Set SecurityContextHolder to anonymous SecurityContext

MockHttpServletRequest:
      HTTP Method = POST
      Request URI = /api/voitures
       Parameters = {}
          Headers = [Content-Type:"application/json;charset=UTF-8", Content-Length:"242"]
             Body = {"id":null,"marque":"Honda","modele":"Civic","prixParJour":45.00,"disponible":true,"annee":null,"kilometrage":null,"carburant":null,"transmission":null,"nombrePlaces":null,"imageUrl":null,"description":null,"societeId":null,"societeNom":null}
    Session Attrs = {}

Handler:
             Type = com.locme.voiture.VoitureController
           Method = com.locme.voiture.VoitureController#createVoiture(VoitureDto)

Async:
    Async started = false
     Async result = null

Resolved Exception:
             Type = null

ModelAndView:
        View name = null
             View = null
            Model = null

FlashMap:
       Attributes = null

MockHttpServletResponse:
           Status = 200
    Error message = null
          Headers = [Vary:"Origin", "Access-Control-Request-Method", "Access-Control-Request-Headers", Content-Type:"application/json", X-Content-Type-Options:"nosniff", X-XSS-Protection:"0", Cache-Control:"no-cache, no-store, max-age=0, must-revalidate", Pragma:"no-cache", Expires:"0", X-Frame-Options:"DENY"]
     Content type = application/json
             Body = {"success":true,"message":"Voiture créée avec succès"}
    Forwarded URL = null
   Redirected URL = null
          Cookies = []
]]></system-out>
  </testcase>
  <testcase name="testGetAvailableVoituresWithFilters" classname="com.locme.voiture.VoitureControllerTest" time="0.013">
    <system-out><![CDATA[2025-09-19T14:51:35.420+02:00 DEBUG 2892 --- [locme] [           main] o.s.security.web.FilterChainProxy        : Securing GET /api/voitures/disponibles
2025-09-19T14:51:35.420+02:00 DEBUG 2892 --- [locme] [           main] o.s.security.web.FilterChainProxy        : Secured GET /api/voitures/disponibles
2025-09-19T14:51:35.426+02:00 DEBUG 2892 --- [locme] [           main] o.s.s.w.a.AnonymousAuthenticationFilter  : Set SecurityContextHolder to anonymous SecurityContext
]]></system-out>
  </testcase>
  <testcase name="testCreateVoiture" classname="com.locme.voiture.VoitureControllerTest" time="0.022">
    <system-out><![CDATA[2025-09-19T14:51:35.438+02:00 DEBUG 2892 --- [locme] [           main] w.c.HttpSessionSecurityContextRepository : Created HttpSession as SecurityContext is non-default
2025-09-19T14:51:35.438+02:00 DEBUG 2892 --- [locme] [           main] w.c.HttpSessionSecurityContextRepository : Stored SecurityContextImpl [Authentication=UsernamePasswordAuthenticationToken [Principal=org.springframework.security.core.userdetails.User [Username=test@example.com, Password=[PROTECTED], Enabled=true, AccountNonExpired=true, CredentialsNonExpired=true, AccountNonLocked=true, Granted Authorities=[ROLE_SOCIETE]], Credentials=[PROTECTED], Authenticated=true, Details=null, Granted Authorities=[ROLE_SOCIETE]]] to HttpSession [org.springframework.mock.web.MockHttpSession@2ce8935d]
2025-09-19T14:51:35.442+02:00 DEBUG 2892 --- [locme] [           main] o.s.security.web.FilterChainProxy        : Securing POST /api/voitures
2025-09-19T14:51:35.442+02:00 DEBUG 2892 --- [locme] [           main] o.s.security.web.FilterChainProxy        : Secured POST /api/voitures
2025-09-19T14:51:35.447+02:00 DEBUG 2892 --- [locme] [           main] w.c.HttpSessionSecurityContextRepository : Retrieved SecurityContextImpl [Authentication=UsernamePasswordAuthenticationToken [Principal=org.springframework.security.core.userdetails.User [Username=test@example.com, Password=[PROTECTED], Enabled=true, AccountNonExpired=true, CredentialsNonExpired=true, AccountNonLocked=true, Granted Authorities=[ROLE_SOCIETE]], Credentials=[PROTECTED], Authenticated=true, Details=null, Granted Authorities=[ROLE_SOCIETE]]]
]]></system-out>
  </testcase>
  <testcase name="testGetAllVoitures" classname="com.locme.voiture.VoitureControllerTest" time="0.009">
    <system-out><![CDATA[2025-09-19T14:51:35.457+02:00 DEBUG 2892 --- [locme] [           main] o.s.security.web.FilterChainProxy        : Securing GET /api/voitures
2025-09-19T14:51:35.458+02:00 DEBUG 2892 --- [locme] [           main] o.s.security.web.FilterChainProxy        : Secured GET /api/voitures
2025-09-19T14:51:35.459+02:00 DEBUG 2892 --- [locme] [           main] o.s.s.w.a.AnonymousAuthenticationFilter  : Set SecurityContextHolder to anonymous SecurityContext
]]></system-out>
  </testcase>
  <testcase name="testGetAvailableVoituresWithDateFilters" classname="com.locme.voiture.VoitureControllerTest" time="0.013">
    <system-out><![CDATA[2025-09-19T14:51:35.468+02:00 DEBUG 2892 --- [locme] [           main] o.s.security.web.FilterChainProxy        : Securing GET /api/voitures/disponibles
2025-09-19T14:51:35.468+02:00 DEBUG 2892 --- [locme] [           main] o.s.security.web.FilterChainProxy        : Secured GET /api/voitures/disponibles
2025-09-19T14:51:35.473+02:00 DEBUG 2892 --- [locme] [           main] o.s.s.w.a.AnonymousAuthenticationFilter  : Set SecurityContextHolder to anonymous SecurityContext
]]></system-out>
  </testcase>
  <testcase name="testUpdateVoiture" classname="com.locme.voiture.VoitureControllerTest" time="0.011">
    <system-out><![CDATA[2025-09-19T14:51:35.483+02:00 DEBUG 2892 --- [locme] [           main] w.c.HttpSessionSecurityContextRepository : Created HttpSession as SecurityContext is non-default
2025-09-19T14:51:35.483+02:00 DEBUG 2892 --- [locme] [           main] w.c.HttpSessionSecurityContextRepository : Stored SecurityContextImpl [Authentication=UsernamePasswordAuthenticationToken [Principal=org.springframework.security.core.userdetails.User [Username=test@example.com, Password=[PROTECTED], Enabled=true, AccountNonExpired=true, CredentialsNonExpired=true, AccountNonLocked=true, Granted Authorities=[ROLE_SOCIETE]], Credentials=[PROTECTED], Authenticated=true, Details=null, Granted Authorities=[ROLE_SOCIETE]]] to HttpSession [org.springframework.mock.web.MockHttpSession@ec13f05]
2025-09-19T14:51:35.484+02:00 DEBUG 2892 --- [locme] [           main] o.s.security.web.FilterChainProxy        : Securing PUT /api/voitures/1
2025-09-19T14:51:35.484+02:00 DEBUG 2892 --- [locme] [           main] o.s.security.web.FilterChainProxy        : Secured PUT /api/voitures/1
2025-09-19T14:51:35.487+02:00 DEBUG 2892 --- [locme] [           main] w.c.HttpSessionSecurityContextRepository : Retrieved SecurityContextImpl [Authentication=UsernamePasswordAuthenticationToken [Principal=org.springframework.security.core.userdetails.User [Username=test@example.com, Password=[PROTECTED], Enabled=true, AccountNonExpired=true, CredentialsNonExpired=true, AccountNonLocked=true, Granted Authorities=[ROLE_SOCIETE]], Credentials=[PROTECTED], Authenticated=true, Details=null, Granted Authorities=[ROLE_SOCIETE]]]
]]></system-out>
  </testcase>
  <testcase name="testCreateVoitureInvalidData" classname="com.locme.voiture.VoitureControllerTest" time="0.011">
    <system-out><![CDATA[2025-09-19T14:51:35.494+02:00 DEBUG 2892 --- [locme] [           main] w.c.HttpSessionSecurityContextRepository : Created HttpSession as SecurityContext is non-default
2025-09-19T14:51:35.494+02:00 DEBUG 2892 --- [locme] [           main] w.c.HttpSessionSecurityContextRepository : Stored SecurityContextImpl [Authentication=UsernamePasswordAuthenticationToken [Principal=org.springframework.security.core.userdetails.User [Username=test@example.com, Password=[PROTECTED], Enabled=true, AccountNonExpired=true, CredentialsNonExpired=true, AccountNonLocked=true, Granted Authorities=[ROLE_SOCIETE]], Credentials=[PROTECTED], Authenticated=true, Details=null, Granted Authorities=[ROLE_SOCIETE]]] to HttpSession [org.springframework.mock.web.MockHttpSession@7bbc120e]
2025-09-19T14:51:35.494+02:00 DEBUG 2892 --- [locme] [           main] o.s.security.web.FilterChainProxy        : Securing POST /api/voitures
2025-09-19T14:51:35.495+02:00 DEBUG 2892 --- [locme] [           main] o.s.security.web.FilterChainProxy        : Secured POST /api/voitures
2025-09-19T14:51:35.498+02:00 DEBUG 2892 --- [locme] [           main] w.c.HttpSessionSecurityContextRepository : Retrieved SecurityContextImpl [Authentication=UsernamePasswordAuthenticationToken [Principal=org.springframework.security.core.userdetails.User [Username=test@example.com, Password=[PROTECTED], Enabled=true, AccountNonExpired=true, CredentialsNonExpired=true, AccountNonLocked=true, Granted Authorities=[ROLE_SOCIETE]], Credentials=[PROTECTED], Authenticated=true, Details=null, Granted Authorities=[ROLE_SOCIETE]]]
]]></system-out>
  </testcase>
  <testcase name="testGetVoituresBySociete" classname="com.locme.voiture.VoitureControllerTest" time="0.009">
    <system-out><![CDATA[2025-09-19T14:51:35.509+02:00 DEBUG 2892 --- [locme] [           main] w.c.HttpSessionSecurityContextRepository : Created HttpSession as SecurityContext is non-default
2025-09-19T14:51:35.509+02:00 DEBUG 2892 --- [locme] [           main] w.c.HttpSessionSecurityContextRepository : Stored SecurityContextImpl [Authentication=UsernamePasswordAuthenticationToken [Principal=org.springframework.security.core.userdetails.User [Username=test@example.com, Password=[PROTECTED], Enabled=true, AccountNonExpired=true, CredentialsNonExpired=true, AccountNonLocked=true, Granted Authorities=[ROLE_SOCIETE]], Credentials=[PROTECTED], Authenticated=true, Details=null, Granted Authorities=[ROLE_SOCIETE]]] to HttpSession [org.springframework.mock.web.MockHttpSession@2bb42b42]
2025-09-19T14:51:35.510+02:00 DEBUG 2892 --- [locme] [           main] o.s.security.web.FilterChainProxy        : Securing GET /api/voitures/societe/1
2025-09-19T14:51:35.511+02:00 DEBUG 2892 --- [locme] [           main] o.s.security.web.FilterChainProxy        : Secured GET /api/voitures/societe/1
2025-09-19T14:51:35.512+02:00 DEBUG 2892 --- [locme] [           main] w.c.HttpSessionSecurityContextRepository : Retrieved SecurityContextImpl [Authentication=UsernamePasswordAuthenticationToken [Principal=org.springframework.security.core.userdetails.User [Username=test@example.com, Password=[PROTECTED], Enabled=true, AccountNonExpired=true, CredentialsNonExpired=true, AccountNonLocked=true, Granted Authorities=[ROLE_SOCIETE]], Credentials=[PROTECTED], Authenticated=true, Details=null, Granted Authorities=[ROLE_SOCIETE]]]
]]></system-out>
  </testcase>
  <testcase name="testDeleteVoitureNotFound" classname="com.locme.voiture.VoitureControllerTest" time="0.007">
    <system-out><![CDATA[2025-09-19T14:51:35.519+02:00 DEBUG 2892 --- [locme] [           main] w.c.HttpSessionSecurityContextRepository : Created HttpSession as SecurityContext is non-default
2025-09-19T14:51:35.519+02:00 DEBUG 2892 --- [locme] [           main] w.c.HttpSessionSecurityContextRepository : Stored SecurityContextImpl [Authentication=UsernamePasswordAuthenticationToken [Principal=org.springframework.security.core.userdetails.User [Username=test@example.com, Password=[PROTECTED], Enabled=true, AccountNonExpired=true, CredentialsNonExpired=true, AccountNonLocked=true, Granted Authorities=[ROLE_SOCIETE]], Credentials=[PROTECTED], Authenticated=true, Details=null, Granted Authorities=[ROLE_SOCIETE]]] to HttpSession [org.springframework.mock.web.MockHttpSession@56e84c39]
2025-09-19T14:51:35.519+02:00 DEBUG 2892 --- [locme] [           main] o.s.security.web.FilterChainProxy        : Securing DELETE /api/voitures/999
2025-09-19T14:51:35.520+02:00 DEBUG 2892 --- [locme] [           main] o.s.security.web.FilterChainProxy        : Secured DELETE /api/voitures/999
2025-09-19T14:51:35.521+02:00 DEBUG 2892 --- [locme] [           main] w.c.HttpSessionSecurityContextRepository : Retrieved SecurityContextImpl [Authentication=UsernamePasswordAuthenticationToken [Principal=org.springframework.security.core.userdetails.User [Username=test@example.com, Password=[PROTECTED], Enabled=true, AccountNonExpired=true, CredentialsNonExpired=true, AccountNonLocked=true, Granted Authorities=[ROLE_SOCIETE]], Credentials=[PROTECTED], Authenticated=true, Details=null, Granted Authorities=[ROLE_SOCIETE]]]
]]></system-out>
  </testcase>
</testsuite>