<?xml version="1.0" encoding="UTF-8"?>
<testsuite xmlns:xsi="http://www.w3.org/2001/XMLSchema-instance" xsi:noNamespaceSchemaLocation="https://maven.apache.org/surefire/maven-surefire-plugin/xsd/surefire-test-report.xsd" version="3.0.2" name="com.locme.reservation.ReservationControllerTest" time="0.467" tests="17" errors="0" skipped="0" failures="5">
  <properties>
[...]
</properties>
  <testcase name="testUpdateReservationStatus" classname="com.locme.reservation.ReservationControllerTest" time="0.014">
    <system-out><![CDATA[2025-09-19T01:22:31.922+02:00  INFO 26360 --- [locme] [           main] t.c.s.AnnotationConfigContextLoaderUtils : Could not detect default configuration classes for test class [com.locme.reservation.ReservationControllerTest]: ReservationControllerTest does not declare any static, non-private, non-final, nested classes annotated with @Configuration.
2025-09-19T01:22:31.938+02:00  INFO 26360 --- [locme] [           main] .b.t.c.SpringBootTestContextBootstrapper : Found @SpringBootConfiguration com.locme.LocmeApplication for test class com.locme.reservation.ReservationControllerTest

  .   ____          _            __ _ _
 /\\ / ___'_ __ _ _(_)_ __  __ _ \ \ \ \
( ( )\___ | '_ | '_| | '_ \/ _` | \ \ \ \
 \\/  ___)| |_)| | | | | || (_| |  ) ) ) )
  '  |____| .__|_| |_|_| |_\__, | / / / /
 =========|_|==============|___/=/_/_/_/

 :: Spring Boot ::                (v3.5.5)

2025-09-19T01:22:31.957+02:00  INFO 26360 --- [locme] [           main] c.l.r.ReservationControllerTest          : Starting ReservationControllerTest using Java 21.0.6 with PID 26360 (started by PANTA in E:\LocMe\backend)
2025-09-19T01:22:31.958+02:00 DEBUG 26360 --- [locme] [           main] c.l.r.ReservationControllerTest          : Running with Spring Boot v3.5.5, Spring v6.2.10
2025-09-19T01:22:31.958+02:00  INFO 26360 --- [locme] [           main] c.l.r.ReservationControllerTest          : No active profile set, falling back to 1 default profile: "default"
2025-09-19T01:22:32.126+02:00  WARN 26360 --- [locme] [           main] .s.s.UserDetailsServiceAutoConfiguration : 

Using generated security password: bd1b52fc-1c28-41b1-82aa-5cb9c3950d65

This generated password is for development use only. Your security configuration must be updated before running your application in production.

2025-09-19T01:22:32.178+02:00  INFO 26360 --- [locme] [           main] r$InitializeUserDetailsManagerConfigurer : Global AuthenticationManager configured with UserDetailsService bean with name inMemoryUserDetailsManager
2025-09-19T01:22:32.182+02:00 DEBUG 26360 --- [locme] [           main] o.s.s.web.DefaultSecurityFilterChain     : Will secure any request with filters: WebAsyncManagerIntegrationFilter, SecurityContextHolderFilter, HeaderWriterFilter, LogoutFilter, RequestCacheAwareFilter, SecurityContextHolderAwareRequestFilter, AnonymousAuthenticationFilter, ExceptionTranslationFilter, AuthorizationFilter
2025-09-19T01:22:32.208+02:00 DEBUG 26360 --- [locme] [           main] com.locme.auth.JwtAuthenticationFilter   : Filter 'jwtAuthenticationFilter' configured for use
2025-09-19T01:22:32.208+02:00  INFO 26360 --- [locme] [           main] o.s.b.t.m.w.SpringBootMockServletContext : Initializing Spring TestDispatcherServlet ''
2025-09-19T01:22:32.208+02:00  INFO 26360 --- [locme] [           main] o.s.t.web.servlet.TestDispatcherServlet  : Initializing Servlet ''
2025-09-19T01:22:32.208+02:00  INFO 26360 --- [locme] [           main] o.s.t.web.servlet.TestDispatcherServlet  : Completed initialization in 0 ms
2025-09-19T01:22:32.213+02:00  INFO 26360 --- [locme] [           main] c.l.r.ReservationControllerTest          : Started ReservationControllerTest in 0.272 seconds (process running for 8.893)
2025-09-19T01:22:32.220+02:00 DEBUG 26360 --- [locme] [           main] w.c.HttpSessionSecurityContextRepository : Created HttpSession as SecurityContext is non-default
2025-09-19T01:22:32.220+02:00 DEBUG 26360 --- [locme] [           main] w.c.HttpSessionSecurityContextRepository : Stored SecurityContextImpl [Authentication=UsernamePasswordAuthenticationToken [Principal=org.springframework.security.core.userdetails.User [Username=societe@example.com, Password=[PROTECTED], Enabled=true, AccountNonExpired=true, CredentialsNonExpired=true, AccountNonLocked=true, Granted Authorities=[ROLE_SOCIETE]], Credentials=[PROTECTED], Authenticated=true, Details=null, Granted Authorities=[ROLE_SOCIETE]]] to HttpSession [org.springframework.mock.web.MockHttpSession@43af513c]
2025-09-19T01:22:32.220+02:00 DEBUG 26360 --- [locme] [           main] o.s.security.web.FilterChainProxy        : Securing PUT /api/reservations/1/status
2025-09-19T01:22:32.220+02:00 DEBUG 26360 --- [locme] [           main] w.c.HttpSessionSecurityContextRepository : Retrieved SecurityContextImpl [Authentication=UsernamePasswordAuthenticationToken [Principal=org.springframework.security.core.userdetails.User [Username=societe@example.com, Password=[PROTECTED], Enabled=true, AccountNonExpired=true, CredentialsNonExpired=true, AccountNonLocked=true, Granted Authorities=[ROLE_SOCIETE]], Credentials=[PROTECTED], Authenticated=true, Details=null, Granted Authorities=[ROLE_SOCIETE]]]
2025-09-19T01:22:32.220+02:00 DEBUG 26360 --- [locme] [           main] o.s.security.web.FilterChainProxy        : Secured PUT /api/reservations/1/status
]]></system-out>
  </testcase>
  <testcase name="testCompleteReservation" classname="com.locme.reservation.ReservationControllerTest" time="0.007">
    <system-out><![CDATA[2025-09-19T01:22:32.232+02:00 DEBUG 26360 --- [locme] [           main] w.c.HttpSessionSecurityContextRepository : Created HttpSession as SecurityContext is non-default
2025-09-19T01:22:32.233+02:00 DEBUG 26360 --- [locme] [           main] w.c.HttpSessionSecurityContextRepository : Stored SecurityContextImpl [Authentication=UsernamePasswordAuthenticationToken [Principal=org.springframework.security.core.userdetails.User [Username=societe@example.com, Password=[PROTECTED], Enabled=true, AccountNonExpired=true, CredentialsNonExpired=true, AccountNonLocked=true, Granted Authorities=[ROLE_SOCIETE]], Credentials=[PROTECTED], Authenticated=true, Details=null, Granted Authorities=[ROLE_SOCIETE]]] to HttpSession [org.springframework.mock.web.MockHttpSession@1ae042f3]
2025-09-19T01:22:32.233+02:00 DEBUG 26360 --- [locme] [           main] o.s.security.web.FilterChainProxy        : Securing PUT /api/reservations/1/complete
2025-09-19T01:22:32.233+02:00 DEBUG 26360 --- [locme] [           main] w.c.HttpSessionSecurityContextRepository : Retrieved SecurityContextImpl [Authentication=UsernamePasswordAuthenticationToken [Principal=org.springframework.security.core.userdetails.User [Username=societe@example.com, Password=[PROTECTED], Enabled=true, AccountNonExpired=true, CredentialsNonExpired=true, AccountNonLocked=true, Granted Authorities=[ROLE_SOCIETE]], Credentials=[PROTECTED], Authenticated=true, Details=null, Granted Authorities=[ROLE_SOCIETE]]]
2025-09-19T01:22:32.233+02:00 DEBUG 26360 --- [locme] [           main] o.s.security.web.FilterChainProxy        : Secured PUT /api/reservations/1/complete
]]></system-out>
  </testcase>
  <testcase name="testUpdateReservationStatusNotFound" classname="com.locme.reservation.ReservationControllerTest" time="0.007">
    <system-out><![CDATA[2025-09-19T01:22:32.240+02:00 DEBUG 26360 --- [locme] [           main] w.c.HttpSessionSecurityContextRepository : Created HttpSession as SecurityContext is non-default
2025-09-19T01:22:32.240+02:00 DEBUG 26360 --- [locme] [           main] w.c.HttpSessionSecurityContextRepository : Stored SecurityContextImpl [Authentication=UsernamePasswordAuthenticationToken [Principal=org.springframework.security.core.userdetails.User [Username=societe@example.com, Password=[PROTECTED], Enabled=true, AccountNonExpired=true, CredentialsNonExpired=true, AccountNonLocked=true, Granted Authorities=[ROLE_SOCIETE]], Credentials=[PROTECTED], Authenticated=true, Details=null, Granted Authorities=[ROLE_SOCIETE]]] to HttpSession [org.springframework.mock.web.MockHttpSession@4446b235]
2025-09-19T01:22:32.241+02:00 DEBUG 26360 --- [locme] [           main] o.s.security.web.FilterChainProxy        : Securing PUT /api/reservations/999/status
2025-09-19T01:22:32.241+02:00 DEBUG 26360 --- [locme] [           main] w.c.HttpSessionSecurityContextRepository : Retrieved SecurityContextImpl [Authentication=UsernamePasswordAuthenticationToken [Principal=org.springframework.security.core.userdetails.User [Username=societe@example.com, Password=[PROTECTED], Enabled=true, AccountNonExpired=true, CredentialsNonExpired=true, AccountNonLocked=true, Granted Authorities=[ROLE_SOCIETE]], Credentials=[PROTECTED], Authenticated=true, Details=null, Granted Authorities=[ROLE_SOCIETE]]]
2025-09-19T01:22:32.241+02:00 DEBUG 26360 --- [locme] [           main] o.s.security.web.FilterChainProxy        : Secured PUT /api/reservations/999/status
]]></system-out>
  </testcase>
  <testcase name="testGetReservationsBySocieteUnauthorized" classname="com.locme.reservation.ReservationControllerTest" time="0.007">
    <system-out><![CDATA[2025-09-19T01:22:32.247+02:00 DEBUG 26360 --- [locme] [           main] w.c.HttpSessionSecurityContextRepository : Created HttpSession as SecurityContext is non-default
2025-09-19T01:22:32.247+02:00 DEBUG 26360 --- [locme] [           main] w.c.HttpSessionSecurityContextRepository : Stored SecurityContextImpl [Authentication=UsernamePasswordAuthenticationToken [Principal=org.springframework.security.core.userdetails.User [Username=client@example.com, Password=[PROTECTED], Enabled=true, AccountNonExpired=true, CredentialsNonExpired=true, AccountNonLocked=true, Granted Authorities=[ROLE_CLIENT]], Credentials=[PROTECTED], Authenticated=true, Details=null, Granted Authorities=[ROLE_CLIENT]]] to HttpSession [org.springframework.mock.web.MockHttpSession@79172834]
2025-09-19T01:22:32.248+02:00 DEBUG 26360 --- [locme] [           main] o.s.security.web.FilterChainProxy        : Securing GET /api/reservations/societe/2
2025-09-19T01:22:32.248+02:00 DEBUG 26360 --- [locme] [           main] w.c.HttpSessionSecurityContextRepository : Retrieved SecurityContextImpl [Authentication=UsernamePasswordAuthenticationToken [Principal=org.springframework.security.core.userdetails.User [Username=client@example.com, Password=[PROTECTED], Enabled=true, AccountNonExpired=true, CredentialsNonExpired=true, AccountNonLocked=true, Granted Authorities=[ROLE_CLIENT]], Credentials=[PROTECTED], Authenticated=true, Details=null, Granted Authorities=[ROLE_CLIENT]]]
2025-09-19T01:22:32.249+02:00 DEBUG 26360 --- [locme] [           main] o.s.security.web.FilterChainProxy        : Secured GET /api/reservations/societe/2
]]></system-out>
  </testcase>
  <testcase name="testGetAllReservationsUnauthorized" classname="com.locme.reservation.ReservationControllerTest" time="0.007">
    <failure message="Status expected:&lt;403&gt; but was:&lt;200&gt;" type="java.lang.AssertionError"><![CDATA[java.lang.AssertionError: Status expected:<403> but was:<200>
	at org.springframework.test.util.AssertionErrors.fail(AssertionErrors.java:61)
	at org.springframework.test.util.AssertionErrors.assertEquals(AssertionErrors.java:128)
	at org.springframework.test.web.servlet.result.StatusResultMatchers.lambda$matcher$9(StatusResultMatchers.java:640)
	at org.springframework.test.web.servlet.MockMvc$1.andExpect(MockMvc.java:214)
	at com.locme.reservation.ReservationControllerTest.testGetAllReservationsUnauthorized(ReservationControllerTest.java:110)
	at java.base/java.lang.reflect.Method.invoke(Method.java:580)
	at java.base/java.util.ArrayList.forEach(ArrayList.java:1596)
	at java.base/java.util.ArrayList.forEach(ArrayList.java:1596)
]]></failure>
    <system-out><![CDATA[2025-09-19T01:22:32.254+02:00 DEBUG 26360 --- [locme] [           main] w.c.HttpSessionSecurityContextRepository : Created HttpSession as SecurityContext is non-default
2025-09-19T01:22:32.255+02:00 DEBUG 26360 --- [locme] [           main] w.c.HttpSessionSecurityContextRepository : Stored SecurityContextImpl [Authentication=UsernamePasswordAuthenticationToken [Principal=org.springframework.security.core.userdetails.User [Username=client@example.com, Password=[PROTECTED], Enabled=true, AccountNonExpired=true, CredentialsNonExpired=true, AccountNonLocked=true, Granted Authorities=[ROLE_CLIENT]], Credentials=[PROTECTED], Authenticated=true, Details=null, Granted Authorities=[ROLE_CLIENT]]] to HttpSession [org.springframework.mock.web.MockHttpSession@70fc5fec]
2025-09-19T01:22:32.255+02:00 DEBUG 26360 --- [locme] [           main] o.s.security.web.FilterChainProxy        : Securing GET /api/reservations
2025-09-19T01:22:32.255+02:00 DEBUG 26360 --- [locme] [           main] w.c.HttpSessionSecurityContextRepository : Retrieved SecurityContextImpl [Authentication=UsernamePasswordAuthenticationToken [Principal=org.springframework.security.core.userdetails.User [Username=client@example.com, Password=[PROTECTED], Enabled=true, AccountNonExpired=true, CredentialsNonExpired=true, AccountNonLocked=true, Granted Authorities=[ROLE_CLIENT]], Credentials=[PROTECTED], Authenticated=true, Details=null, Granted Authorities=[ROLE_CLIENT]]]
2025-09-19T01:22:32.255+02:00 DEBUG 26360 --- [locme] [           main] o.s.security.web.FilterChainProxy        : Secured GET /api/reservations

MockHttpServletRequest:
      HTTP Method = GET
      Request URI = /api/reservations
       Parameters = {}
          Headers = []
             Body = null
    Session Attrs = {SPRING_SECURITY_CONTEXT=SecurityContextImpl [Authentication=UsernamePasswordAuthenticationToken [Principal=org.springframework.security.core.userdetails.User [Username=client@example.com, Password=[PROTECTED], Enabled=true, AccountNonExpired=true, CredentialsNonExpired=true, AccountNonLocked=true, Granted Authorities=[ROLE_CLIENT]], Credentials=[PROTECTED], Authenticated=true, Details=null, Granted Authorities=[ROLE_CLIENT]]]}

Handler:
             Type = com.locme.reservation.ReservationController
           Method = com.locme.reservation.ReservationController#getAllReservations()

Async:
    Async started = false
     Async result = null

Resolved Exception:
             Type = null

ModelAndView:
        View name = null
             View = null
            Model = null

FlashMap:
       Attributes = null

MockHttpServletResponse:
           Status = 200
    Error message = null
          Headers = [Vary:"Origin", "Access-Control-Request-Method", "Access-Control-Request-Headers", Content-Type:"application/json", X-Content-Type-Options:"nosniff", X-XSS-Protection:"0", Cache-Control:"no-cache, no-store, max-age=0, must-revalidate", Pragma:"no-cache", Expires:"0", X-Frame-Options:"DENY"]
     Content type = application/json
             Body = {"success":true,"message":"Opération réussie","data":[]}
    Forwarded URL = null
   Redirected URL = null
          Cookies = []
]]></system-out>
  </testcase>
  <testcase name="testDeleteReservationNotFound" classname="com.locme.reservation.ReservationControllerTest" time="0.007">
    <failure message="Status expected:&lt;404&gt; but was:&lt;200&gt;" type="java.lang.AssertionError"><![CDATA[java.lang.AssertionError: Status expected:<404> but was:<200>
	at org.springframework.test.util.AssertionErrors.fail(AssertionErrors.java:61)
	at org.springframework.test.util.AssertionErrors.assertEquals(AssertionErrors.java:128)
	at org.springframework.test.web.servlet.result.StatusResultMatchers.lambda$matcher$9(StatusResultMatchers.java:640)
	at org.springframework.test.web.servlet.MockMvc$1.andExpect(MockMvc.java:214)
	at com.locme.reservation.ReservationControllerTest.testDeleteReservationNotFound(ReservationControllerTest.java:366)
	at java.base/java.lang.reflect.Method.invoke(Method.java:580)
	at java.base/java.util.ArrayList.forEach(ArrayList.java:1596)
	at java.base/java.util.ArrayList.forEach(ArrayList.java:1596)
]]></failure>
    <system-out><![CDATA[2025-09-19T01:22:32.263+02:00 DEBUG 26360 --- [locme] [           main] w.c.HttpSessionSecurityContextRepository : Created HttpSession as SecurityContext is non-default
2025-09-19T01:22:32.263+02:00 DEBUG 26360 --- [locme] [           main] w.c.HttpSessionSecurityContextRepository : Stored SecurityContextImpl [Authentication=UsernamePasswordAuthenticationToken [Principal=org.springframework.security.core.userdetails.User [Username=client@example.com, Password=[PROTECTED], Enabled=true, AccountNonExpired=true, CredentialsNonExpired=true, AccountNonLocked=true, Granted Authorities=[ROLE_CLIENT]], Credentials=[PROTECTED], Authenticated=true, Details=null, Granted Authorities=[ROLE_CLIENT]]] to HttpSession [org.springframework.mock.web.MockHttpSession@43542dd7]
2025-09-19T01:22:32.263+02:00 DEBUG 26360 --- [locme] [           main] o.s.security.web.FilterChainProxy        : Securing DELETE /api/reservations/999
2025-09-19T01:22:32.263+02:00 DEBUG 26360 --- [locme] [           main] w.c.HttpSessionSecurityContextRepository : Retrieved SecurityContextImpl [Authentication=UsernamePasswordAuthenticationToken [Principal=org.springframework.security.core.userdetails.User [Username=client@example.com, Password=[PROTECTED], Enabled=true, AccountNonExpired=true, CredentialsNonExpired=true, AccountNonLocked=true, Granted Authorities=[ROLE_CLIENT]], Credentials=[PROTECTED], Authenticated=true, Details=null, Granted Authorities=[ROLE_CLIENT]]]
2025-09-19T01:22:32.263+02:00 DEBUG 26360 --- [locme] [           main] o.s.security.web.FilterChainProxy        : Secured DELETE /api/reservations/999

MockHttpServletRequest:
      HTTP Method = DELETE
      Request URI = /api/reservations/999
       Parameters = {}
          Headers = []
             Body = null
    Session Attrs = {SPRING_SECURITY_CONTEXT=SecurityContextImpl [Authentication=UsernamePasswordAuthenticationToken [Principal=org.springframework.security.core.userdetails.User [Username=client@example.com, Password=[PROTECTED], Enabled=true, AccountNonExpired=true, CredentialsNonExpired=true, AccountNonLocked=true, Granted Authorities=[ROLE_CLIENT]], Credentials=[PROTECTED], Authenticated=true, Details=null, Granted Authorities=[ROLE_CLIENT]]]}

Handler:
             Type = com.locme.reservation.ReservationController
           Method = com.locme.reservation.ReservationController#deleteReservation(Long)

Async:
    Async started = false
     Async result = null

Resolved Exception:
             Type = null

ModelAndView:
        View name = null
             View = null
            Model = null

FlashMap:
       Attributes = null

MockHttpServletResponse:
           Status = 200
    Error message = null
          Headers = [Vary:"Origin", "Access-Control-Request-Method", "Access-Control-Request-Headers", Content-Type:"application/json", X-Content-Type-Options:"nosniff", X-XSS-Protection:"0", Cache-Control:"no-cache, no-store, max-age=0, must-revalidate", Pragma:"no-cache", Expires:"0", X-Frame-Options:"DENY"]
     Content type = application/json
             Body = {"success":true,"message":"Réservation supprimée avec succès"}
    Forwarded URL = null
   Redirected URL = null
          Cookies = []
]]></system-out>
  </testcase>
  <testcase name="testGetReservationByIdNotFound" classname="com.locme.reservation.ReservationControllerTest" time="0.005">
    <failure message="Status expected:&lt;404&gt; but was:&lt;403&gt;" type="java.lang.AssertionError"><![CDATA[java.lang.AssertionError: Status expected:<404> but was:<403>
	at org.springframework.test.util.AssertionErrors.fail(AssertionErrors.java:61)
	at org.springframework.test.util.AssertionErrors.assertEquals(AssertionErrors.java:128)
	at org.springframework.test.web.servlet.result.StatusResultMatchers.lambda$matcher$9(StatusResultMatchers.java:640)
	at org.springframework.test.web.servlet.MockMvc$1.andExpect(MockMvc.java:214)
	at com.locme.reservation.ReservationControllerTest.testGetReservationByIdNotFound(ReservationControllerTest.java:183)
	at java.base/java.lang.reflect.Method.invoke(Method.java:580)
	at java.base/java.util.ArrayList.forEach(ArrayList.java:1596)
	at java.base/java.util.ArrayList.forEach(ArrayList.java:1596)
]]></failure>
    <system-out><![CDATA[2025-09-19T01:22:32.270+02:00 DEBUG 26360 --- [locme] [           main] o.s.security.web.FilterChainProxy        : Securing GET /api/reservations/999
2025-09-19T01:22:32.270+02:00 DEBUG 26360 --- [locme] [           main] o.s.s.w.a.AnonymousAuthenticationFilter  : Set SecurityContextHolder to anonymous SecurityContext
2025-09-19T01:22:32.271+02:00 DEBUG 26360 --- [locme] [           main] o.s.s.w.s.HttpSessionRequestCache        : Saved request http://localhost/api/reservations/999?continue to session
2025-09-19T01:22:32.271+02:00 DEBUG 26360 --- [locme] [           main] o.s.s.w.a.Http403ForbiddenEntryPoint     : Pre-authenticated entry point called. Rejecting access

MockHttpServletRequest:
      HTTP Method = GET
      Request URI = /api/reservations/999
       Parameters = {}
          Headers = []
             Body = null
    Session Attrs = {SPRING_SECURITY_SAVED_REQUEST=DefaultSavedRequest [http://localhost/api/reservations/999?continue]}

Handler:
             Type = null

Async:
    Async started = false
     Async result = null

Resolved Exception:
             Type = null

ModelAndView:
        View name = null
             View = null
            Model = null

FlashMap:
       Attributes = null

MockHttpServletResponse:
           Status = 403
    Error message = Forbidden
          Headers = [X-Content-Type-Options:"nosniff", X-XSS-Protection:"0", Cache-Control:"no-cache, no-store, max-age=0, must-revalidate", Pragma:"no-cache", Expires:"0", X-Frame-Options:"DENY"]
     Content type = null
             Body = 
    Forwarded URL = null
   Redirected URL = null
          Cookies = []
]]></system-out>
  </testcase>
  <testcase name="testGetMyReservations" classname="com.locme.reservation.ReservationControllerTest" time="0.009">
    <system-out><![CDATA[2025-09-19T01:22:32.277+02:00 DEBUG 26360 --- [locme] [           main] w.c.HttpSessionSecurityContextRepository : Created HttpSession as SecurityContext is non-default
2025-09-19T01:22:32.277+02:00 DEBUG 26360 --- [locme] [           main] w.c.HttpSessionSecurityContextRepository : Stored SecurityContextImpl [Authentication=UsernamePasswordAuthenticationToken [Principal=org.springframework.security.core.userdetails.User [Username=client@example.com, Password=[PROTECTED], Enabled=true, AccountNonExpired=true, CredentialsNonExpired=true, AccountNonLocked=true, Granted Authorities=[ROLE_CLIENT]], Credentials=[PROTECTED], Authenticated=true, Details=null, Granted Authorities=[ROLE_CLIENT]]] to HttpSession [org.springframework.mock.web.MockHttpSession@58c9bef9]
2025-09-19T01:22:32.278+02:00 DEBUG 26360 --- [locme] [           main] o.s.security.web.FilterChainProxy        : Securing GET /api/reservations/my-reservations
2025-09-19T01:22:32.278+02:00 DEBUG 26360 --- [locme] [           main] w.c.HttpSessionSecurityContextRepository : Retrieved SecurityContextImpl [Authentication=UsernamePasswordAuthenticationToken [Principal=org.springframework.security.core.userdetails.User [Username=client@example.com, Password=[PROTECTED], Enabled=true, AccountNonExpired=true, CredentialsNonExpired=true, AccountNonLocked=true, Granted Authorities=[ROLE_CLIENT]], Credentials=[PROTECTED], Authenticated=true, Details=null, Granted Authorities=[ROLE_CLIENT]]]
2025-09-19T01:22:32.278+02:00 DEBUG 26360 --- [locme] [           main] o.s.security.web.FilterChainProxy        : Secured GET /api/reservations/my-reservations
]]></system-out>
  </testcase>
  <testcase name="testDeleteReservation" classname="com.locme.reservation.ReservationControllerTest" time="0.007">
    <system-out><![CDATA[2025-09-19T01:22:32.286+02:00 DEBUG 26360 --- [locme] [           main] w.c.HttpSessionSecurityContextRepository : Created HttpSession as SecurityContext is non-default
2025-09-19T01:22:32.286+02:00 DEBUG 26360 --- [locme] [           main] w.c.HttpSessionSecurityContextRepository : Stored SecurityContextImpl [Authentication=UsernamePasswordAuthenticationToken [Principal=org.springframework.security.core.userdetails.User [Username=client@example.com, Password=[PROTECTED], Enabled=true, AccountNonExpired=true, CredentialsNonExpired=true, AccountNonLocked=true, Granted Authorities=[ROLE_CLIENT]], Credentials=[PROTECTED], Authenticated=true, Details=null, Granted Authorities=[ROLE_CLIENT]]] to HttpSession [org.springframework.mock.web.MockHttpSession@3b6a4aa1]
2025-09-19T01:22:32.287+02:00 DEBUG 26360 --- [locme] [           main] o.s.security.web.FilterChainProxy        : Securing DELETE /api/reservations/1
2025-09-19T01:22:32.287+02:00 DEBUG 26360 --- [locme] [           main] w.c.HttpSessionSecurityContextRepository : Retrieved SecurityContextImpl [Authentication=UsernamePasswordAuthenticationToken [Principal=org.springframework.security.core.userdetails.User [Username=client@example.com, Password=[PROTECTED], Enabled=true, AccountNonExpired=true, CredentialsNonExpired=true, AccountNonLocked=true, Granted Authorities=[ROLE_CLIENT]], Credentials=[PROTECTED], Authenticated=true, Details=null, Granted Authorities=[ROLE_CLIENT]]]
2025-09-19T01:22:32.287+02:00 DEBUG 26360 --- [locme] [           main] o.s.security.web.FilterChainProxy        : Secured DELETE /api/reservations/1
]]></system-out>
  </testcase>
  <testcase name="testGetAllReservations" classname="com.locme.reservation.ReservationControllerTest" time="0.006">
    <system-out><![CDATA[2025-09-19T01:22:32.294+02:00 DEBUG 26360 --- [locme] [           main] w.c.HttpSessionSecurityContextRepository : Created HttpSession as SecurityContext is non-default
2025-09-19T01:22:32.295+02:00 DEBUG 26360 --- [locme] [           main] w.c.HttpSessionSecurityContextRepository : Stored SecurityContextImpl [Authentication=UsernamePasswordAuthenticationToken [Principal=org.springframework.security.core.userdetails.User [Username=admin@example.com, Password=[PROTECTED], Enabled=true, AccountNonExpired=true, CredentialsNonExpired=true, AccountNonLocked=true, Granted Authorities=[ROLE_ADMIN]], Credentials=[PROTECTED], Authenticated=true, Details=null, Granted Authorities=[ROLE_ADMIN]]] to HttpSession [org.springframework.mock.web.MockHttpSession@78a884]
2025-09-19T01:22:32.295+02:00 DEBUG 26360 --- [locme] [           main] o.s.security.web.FilterChainProxy        : Securing GET /api/reservations
2025-09-19T01:22:32.295+02:00 DEBUG 26360 --- [locme] [           main] w.c.HttpSessionSecurityContextRepository : Retrieved SecurityContextImpl [Authentication=UsernamePasswordAuthenticationToken [Principal=org.springframework.security.core.userdetails.User [Username=admin@example.com, Password=[PROTECTED], Enabled=true, AccountNonExpired=true, CredentialsNonExpired=true, AccountNonLocked=true, Granted Authorities=[ROLE_ADMIN]], Credentials=[PROTECTED], Authenticated=true, Details=null, Granted Authorities=[ROLE_ADMIN]]]
2025-09-19T01:22:32.295+02:00 DEBUG 26360 --- [locme] [           main] o.s.security.web.FilterChainProxy        : Secured GET /api/reservations
]]></system-out>
  </testcase>
  <testcase name="testCreateReservation" classname="com.locme.reservation.ReservationControllerTest" time="0.015">
    <system-out><![CDATA[2025-09-19T01:22:32.302+02:00 DEBUG 26360 --- [locme] [           main] w.c.HttpSessionSecurityContextRepository : Created HttpSession as SecurityContext is non-default
2025-09-19T01:22:32.302+02:00 DEBUG 26360 --- [locme] [           main] w.c.HttpSessionSecurityContextRepository : Stored SecurityContextImpl [Authentication=UsernamePasswordAuthenticationToken [Principal=org.springframework.security.core.userdetails.User [Username=client@example.com, Password=[PROTECTED], Enabled=true, AccountNonExpired=true, CredentialsNonExpired=true, AccountNonLocked=true, Granted Authorities=[ROLE_CLIENT]], Credentials=[PROTECTED], Authenticated=true, Details=null, Granted Authorities=[ROLE_CLIENT]]] to HttpSession [org.springframework.mock.web.MockHttpSession@211d17c]
2025-09-19T01:22:32.303+02:00 DEBUG 26360 --- [locme] [           main] o.s.security.web.FilterChainProxy        : Securing POST /api/reservations
2025-09-19T01:22:32.303+02:00 DEBUG 26360 --- [locme] [           main] w.c.HttpSessionSecurityContextRepository : Retrieved SecurityContextImpl [Authentication=UsernamePasswordAuthenticationToken [Principal=org.springframework.security.core.userdetails.User [Username=client@example.com, Password=[PROTECTED], Enabled=true, AccountNonExpired=true, CredentialsNonExpired=true, AccountNonLocked=true, Granted Authorities=[ROLE_CLIENT]], Credentials=[PROTECTED], Authenticated=true, Details=null, Granted Authorities=[ROLE_CLIENT]]]
2025-09-19T01:22:32.303+02:00 DEBUG 26360 --- [locme] [           main] o.s.security.web.FilterChainProxy        : Secured POST /api/reservations
]]></system-out>
  </testcase>
  <testcase name="testGetReservationsBySociete" classname="com.locme.reservation.ReservationControllerTest" time="0.007">
    <system-out><![CDATA[2025-09-19T01:22:32.318+02:00 DEBUG 26360 --- [locme] [           main] w.c.HttpSessionSecurityContextRepository : Created HttpSession as SecurityContext is non-default
2025-09-19T01:22:32.318+02:00 DEBUG 26360 --- [locme] [           main] w.c.HttpSessionSecurityContextRepository : Stored SecurityContextImpl [Authentication=UsernamePasswordAuthenticationToken [Principal=org.springframework.security.core.userdetails.User [Username=societe@example.com, Password=[PROTECTED], Enabled=true, AccountNonExpired=true, CredentialsNonExpired=true, AccountNonLocked=true, Granted Authorities=[ROLE_SOCIETE]], Credentials=[PROTECTED], Authenticated=true, Details=null, Granted Authorities=[ROLE_SOCIETE]]] to HttpSession [org.springframework.mock.web.MockHttpSession@3e6b4f51]
2025-09-19T01:22:32.319+02:00 DEBUG 26360 --- [locme] [           main] o.s.security.web.FilterChainProxy        : Securing GET /api/reservations/societe/2
2025-09-19T01:22:32.319+02:00 DEBUG 26360 --- [locme] [           main] w.c.HttpSessionSecurityContextRepository : Retrieved SecurityContextImpl [Authentication=UsernamePasswordAuthenticationToken [Principal=org.springframework.security.core.userdetails.User [Username=societe@example.com, Password=[PROTECTED], Enabled=true, AccountNonExpired=true, CredentialsNonExpired=true, AccountNonLocked=true, Granted Authorities=[ROLE_SOCIETE]], Credentials=[PROTECTED], Authenticated=true, Details=null, Granted Authorities=[ROLE_SOCIETE]]]
2025-09-19T01:22:32.319+02:00 DEBUG 26360 --- [locme] [           main] o.s.security.web.FilterChainProxy        : Secured GET /api/reservations/societe/2
]]></system-out>
  </testcase>
  <testcase name="testGetReservationById" classname="com.locme.reservation.ReservationControllerTest" time="0.006">
    <failure message="Status expected:&lt;200&gt; but was:&lt;403&gt;" type="java.lang.AssertionError"><![CDATA[java.lang.AssertionError: Status expected:<200> but was:<403>
	at org.springframework.test.util.AssertionErrors.fail(AssertionErrors.java:61)
	at org.springframework.test.util.AssertionErrors.assertEquals(AssertionErrors.java:128)
	at org.springframework.test.web.servlet.result.StatusResultMatchers.lambda$matcher$9(StatusResultMatchers.java:640)
	at org.springframework.test.web.servlet.MockMvc$1.andExpect(MockMvc.java:214)
	at com.locme.reservation.ReservationControllerTest.testGetReservationById(ReservationControllerTest.java:168)
	at java.base/java.lang.reflect.Method.invoke(Method.java:580)
	at java.base/java.util.ArrayList.forEach(ArrayList.java:1596)
	at java.base/java.util.ArrayList.forEach(ArrayList.java:1596)
]]></failure>
    <system-out><![CDATA[2025-09-19T01:22:32.326+02:00 DEBUG 26360 --- [locme] [           main] o.s.security.web.FilterChainProxy        : Securing GET /api/reservations/1
2025-09-19T01:22:32.326+02:00 DEBUG 26360 --- [locme] [           main] o.s.s.w.a.AnonymousAuthenticationFilter  : Set SecurityContextHolder to anonymous SecurityContext
2025-09-19T01:22:32.327+02:00 DEBUG 26360 --- [locme] [           main] o.s.s.w.s.HttpSessionRequestCache        : Saved request http://localhost/api/reservations/1?continue to session
2025-09-19T01:22:32.327+02:00 DEBUG 26360 --- [locme] [           main] o.s.s.w.a.Http403ForbiddenEntryPoint     : Pre-authenticated entry point called. Rejecting access

MockHttpServletRequest:
      HTTP Method = GET
      Request URI = /api/reservations/1
       Parameters = {}
          Headers = []
             Body = null
    Session Attrs = {SPRING_SECURITY_SAVED_REQUEST=DefaultSavedRequest [http://localhost/api/reservations/1?continue]}

Handler:
             Type = null

Async:
    Async started = false
     Async result = null

Resolved Exception:
             Type = null

ModelAndView:
        View name = null
             View = null
            Model = null

FlashMap:
       Attributes = null

MockHttpServletResponse:
           Status = 403
    Error message = Forbidden
          Headers = [X-Content-Type-Options:"nosniff", X-XSS-Protection:"0", Cache-Control:"no-cache, no-store, max-age=0, must-revalidate", Pragma:"no-cache", Expires:"0", X-Frame-Options:"DENY"]
     Content type = null
             Body = 
    Forwarded URL = null
   Redirected URL = null
          Cookies = []
]]></system-out>
  </testcase>
  <testcase name="testCreateReservationUnauthorized" classname="com.locme.reservation.ReservationControllerTest" time="0.006">
    <failure message="Status expected:&lt;401&gt; but was:&lt;403&gt;" type="java.lang.AssertionError"><![CDATA[java.lang.AssertionError: Status expected:<401> but was:<403>
	at org.springframework.test.util.AssertionErrors.fail(AssertionErrors.java:61)
	at org.springframework.test.util.AssertionErrors.assertEquals(AssertionErrors.java:128)
	at org.springframework.test.web.servlet.result.StatusResultMatchers.lambda$matcher$9(StatusResultMatchers.java:640)
	at org.springframework.test.web.servlet.MockMvc$1.andExpect(MockMvc.java:214)
	at com.locme.reservation.ReservationControllerTest.testCreateReservationUnauthorized(ReservationControllerTest.java:243)
	at java.base/java.lang.reflect.Method.invoke(Method.java:580)
	at java.base/java.util.ArrayList.forEach(ArrayList.java:1596)
	at java.base/java.util.ArrayList.forEach(ArrayList.java:1596)
]]></failure>
    <system-out><![CDATA[2025-09-19T01:22:32.332+02:00 DEBUG 26360 --- [locme] [           main] o.s.security.web.FilterChainProxy        : Securing POST /api/reservations
2025-09-19T01:22:32.332+02:00 DEBUG 26360 --- [locme] [           main] o.s.s.w.a.AnonymousAuthenticationFilter  : Set SecurityContextHolder to anonymous SecurityContext
2025-09-19T01:22:32.333+02:00 DEBUG 26360 --- [locme] [           main] o.s.s.w.s.HttpSessionRequestCache        : Saved request http://localhost/api/reservations?continue to session
2025-09-19T01:22:32.333+02:00 DEBUG 26360 --- [locme] [           main] o.s.s.w.a.Http403ForbiddenEntryPoint     : Pre-authenticated entry point called. Rejecting access

MockHttpServletRequest:
      HTTP Method = POST
      Request URI = /api/reservations
       Parameters = {}
          Headers = [Content-Type:"application/json;charset=UTF-8", Content-Length:"230"]
             Body = {"id":null,"voitureId":1,"voitureMarque":null,"voitureModele":null,"userId":null,"userNom":null,"dateDebut":"2025-09-20","dateFin":"2025-09-22","statut":null,"montant":150.00,"commentaires":null,"lieuPrise":null,"lieuRetour":null}
    Session Attrs = {SPRING_SECURITY_SAVED_REQUEST=DefaultSavedRequest [http://localhost/api/reservations?continue]}

Handler:
             Type = null

Async:
    Async started = false
     Async result = null

Resolved Exception:
             Type = null

ModelAndView:
        View name = null
             View = null
            Model = null

FlashMap:
       Attributes = null

MockHttpServletResponse:
           Status = 403
    Error message = Forbidden
          Headers = [X-Content-Type-Options:"nosniff", X-XSS-Protection:"0", Cache-Control:"no-cache, no-store, max-age=0, must-revalidate", Pragma:"no-cache", Expires:"0", X-Frame-Options:"DENY"]
     Content type = null
             Body = 
    Forwarded URL = null
   Redirected URL = null
          Cookies = []
]]></system-out>
  </testcase>
  <testcase name="testCancelReservation" classname="com.locme.reservation.ReservationControllerTest" time="0.008">
    <system-out><![CDATA[2025-09-19T01:22:32.339+02:00 DEBUG 26360 --- [locme] [           main] w.c.HttpSessionSecurityContextRepository : Created HttpSession as SecurityContext is non-default
2025-09-19T01:22:32.339+02:00 DEBUG 26360 --- [locme] [           main] w.c.HttpSessionSecurityContextRepository : Stored SecurityContextImpl [Authentication=UsernamePasswordAuthenticationToken [Principal=org.springframework.security.core.userdetails.User [Username=societe@example.com, Password=[PROTECTED], Enabled=true, AccountNonExpired=true, CredentialsNonExpired=true, AccountNonLocked=true, Granted Authorities=[ROLE_SOCIETE]], Credentials=[PROTECTED], Authenticated=true, Details=null, Granted Authorities=[ROLE_SOCIETE]]] to HttpSession [org.springframework.mock.web.MockHttpSession@2cdd3638]
2025-09-19T01:22:32.340+02:00 DEBUG 26360 --- [locme] [           main] o.s.security.web.FilterChainProxy        : Securing PUT /api/reservations/1/cancel
2025-09-19T01:22:32.341+02:00 DEBUG 26360 --- [locme] [           main] w.c.HttpSessionSecurityContextRepository : Retrieved SecurityContextImpl [Authentication=UsernamePasswordAuthenticationToken [Principal=org.springframework.security.core.userdetails.User [Username=societe@example.com, Password=[PROTECTED], Enabled=true, AccountNonExpired=true, CredentialsNonExpired=true, AccountNonLocked=true, Granted Authorities=[ROLE_SOCIETE]], Credentials=[PROTECTED], Authenticated=true, Details=null, Granted Authorities=[ROLE_SOCIETE]]]
2025-09-19T01:22:32.341+02:00 DEBUG 26360 --- [locme] [           main] o.s.security.web.FilterChainProxy        : Secured PUT /api/reservations/1/cancel
]]></system-out>
  </testcase>
  <testcase name="testConfirmReservation" classname="com.locme.reservation.ReservationControllerTest" time="0.006">
    <system-out><![CDATA[2025-09-19T01:22:32.348+02:00 DEBUG 26360 --- [locme] [           main] w.c.HttpSessionSecurityContextRepository : Created HttpSession as SecurityContext is non-default
2025-09-19T01:22:32.349+02:00 DEBUG 26360 --- [locme] [           main] w.c.HttpSessionSecurityContextRepository : Stored SecurityContextImpl [Authentication=UsernamePasswordAuthenticationToken [Principal=org.springframework.security.core.userdetails.User [Username=societe@example.com, Password=[PROTECTED], Enabled=true, AccountNonExpired=true, CredentialsNonExpired=true, AccountNonLocked=true, Granted Authorities=[ROLE_SOCIETE]], Credentials=[PROTECTED], Authenticated=true, Details=null, Granted Authorities=[ROLE_SOCIETE]]] to HttpSession [org.springframework.mock.web.MockHttpSession@2e15ad9b]
2025-09-19T01:22:32.349+02:00 DEBUG 26360 --- [locme] [           main] o.s.security.web.FilterChainProxy        : Securing PUT /api/reservations/1/confirm
2025-09-19T01:22:32.349+02:00 DEBUG 26360 --- [locme] [           main] w.c.HttpSessionSecurityContextRepository : Retrieved SecurityContextImpl [Authentication=UsernamePasswordAuthenticationToken [Principal=org.springframework.security.core.userdetails.User [Username=societe@example.com, Password=[PROTECTED], Enabled=true, AccountNonExpired=true, CredentialsNonExpired=true, AccountNonLocked=true, Granted Authorities=[ROLE_SOCIETE]], Credentials=[PROTECTED], Authenticated=true, Details=null, Granted Authorities=[ROLE_SOCIETE]]]
2025-09-19T01:22:32.349+02:00 DEBUG 26360 --- [locme] [           main] o.s.security.web.FilterChainProxy        : Secured PUT /api/reservations/1/confirm
]]></system-out>
  </testcase>
  <testcase name="testCreateReservationInvalidData" classname="com.locme.reservation.ReservationControllerTest" time="0.035">
    <system-out><![CDATA[2025-09-19T01:22:32.356+02:00 DEBUG 26360 --- [locme] [           main] w.c.HttpSessionSecurityContextRepository : Created HttpSession as SecurityContext is non-default
2025-09-19T01:22:32.356+02:00 DEBUG 26360 --- [locme] [           main] w.c.HttpSessionSecurityContextRepository : Stored SecurityContextImpl [Authentication=UsernamePasswordAuthenticationToken [Principal=org.springframework.security.core.userdetails.User [Username=client@example.com, Password=[PROTECTED], Enabled=true, AccountNonExpired=true, CredentialsNonExpired=true, AccountNonLocked=true, Granted Authorities=[ROLE_CLIENT]], Credentials=[PROTECTED], Authenticated=true, Details=null, Granted Authorities=[ROLE_CLIENT]]] to HttpSession [org.springframework.mock.web.MockHttpSession@3026d4cd]
2025-09-19T01:22:32.356+02:00 DEBUG 26360 --- [locme] [           main] o.s.security.web.FilterChainProxy        : Securing POST /api/reservations
2025-09-19T01:22:32.356+02:00 DEBUG 26360 --- [locme] [           main] w.c.HttpSessionSecurityContextRepository : Retrieved SecurityContextImpl [Authentication=UsernamePasswordAuthenticationToken [Principal=org.springframework.security.core.userdetails.User [Username=client@example.com, Password=[PROTECTED], Enabled=true, AccountNonExpired=true, CredentialsNonExpired=true, AccountNonLocked=true, Granted Authorities=[ROLE_CLIENT]], Credentials=[PROTECTED], Authenticated=true, Details=null, Granted Authorities=[ROLE_CLIENT]]]
2025-09-19T01:22:32.357+02:00 DEBUG 26360 --- [locme] [           main] o.s.security.web.FilterChainProxy        : Secured POST /api/reservations
]]></system-out>
  </testcase>
</testsuite>